[ 2017-08-20T08:09:04+08:00 ] 127.0.0.1 /thinkphp/index.php?m=Page&a=index
INFO: [ app_init ] --START--
INFO: Run Behavior\BuildLiteBehavior [ RunTime:0.000000s ]
INFO: [ app_init ] --END-- [ RunTime:0.000000s ]
ERR: 无法加载模块:Page

[ 2017-08-20T08:09:36+08:00 ] 127.0.0.1 /thinkphp/index.php?m=Inswx&a=index
INFO: [ app_init ] --START--
INFO: Run Behavior\BuildLiteBehavior [ RunTime:0.000000s ]
INFO: [ app_init ] --END-- [ RunTime:0.000000s ]
ERR: 无法加载模块:Inswx

[ 2017-08-20T08:09:42+08:00 ] 127.0.0.1 /thinkphp/index.php?m=Index&a=index
INFO: [ app_init ] --START--
INFO: Run Behavior\BuildLiteBehavior [ RunTime:0.000000s ]
INFO: [ app_init ] --END-- [ RunTime:0.001000s ]
ERR: 无法加载模块:Index

[ 2017-08-20T08:10:10+08:00 ] 127.0.0.1 /thinkphp/index.php?g=Home&m=Index&a=index
INFO: [ app_init ] --START--
INFO: Run Behavior\BuildLiteBehavior [ RunTime:0.000000s ]
INFO: [ app_init ] --END-- [ RunTime:0.001000s ]
ERR: 无法加载模块:Index

