[ 2017-09-06T10:14:19+08:00 ] 127.0.0.1 /gdd/framework/thinkphp/index.php
INFO: [ app_init ] --START--
INFO: Run Behavior\BuildLiteBehavior [ RunTime:0.000000s ]
INFO: [ app_init ] --END-- [ RunTime:0.001000s ]
INFO: [ app_begin ] --START--
INFO: Run Behavior\ReadHtmlCacheBehavior [ RunTime:0.015001s ]
INFO: [ app_begin ] --END-- [ RunTime:0.015001s ]
INFO: [ view_parse ] --START--
INFO: [ template_filter ] --START--
INFO: Run Behavior\ContentReplaceBehavior [ RunTime:0.001000s ]
INFO: [ template_filter ] --END-- [ RunTime:0.001000s ]
INFO: Run Behavior\ParseTemplateBehavior [ RunTime:0.039003s ]
INFO: [ view_parse ] --END-- [ RunTime:0.039003s ]
INFO: [ view_filter ] --START--
INFO: Run Behavior\WriteHtmlCacheBehavior [ RunTime:0.001000s ]
INFO: [ view_filter ] --END-- [ RunTime:0.001000s ]
INFO: [ app_end ] --START--
INFO: Run Behavior\ShowPageTraceBehavior [ RunTime:0.002000s ]
INFO: [ app_end ] --END-- [ RunTime:0.002000s ]

[ 2017-09-06T10:14:27+08:00 ] 127.0.0.1 /gdd/framework/thinkphp/index.php/home
INFO: [ app_init ] --START--
INFO: Run Behavior\BuildLiteBehavior [ RunTime:0.000000s ]
INFO: [ app_init ] --END-- [ RunTime:0.001000s ]
INFO: [ app_begin ] --START--
INFO: Run Behavior\ReadHtmlCacheBehavior [ RunTime:0.000000s ]
INFO: [ app_begin ] --END-- [ RunTime:0.001000s ]
INFO: [ view_parse ] --START--
INFO: Run Behavior\ParseTemplateBehavior [ RunTime:0.000000s ]
INFO: [ view_parse ] --END-- [ RunTime:0.000000s ]
INFO: [ view_filter ] --START--
INFO: Run Behavior\WriteHtmlCacheBehavior [ RunTime:0.001000s ]
INFO: [ view_filter ] --END-- [ RunTime:0.001000s ]
INFO: [ app_end ] --START--
INFO: Run Behavior\ShowPageTraceBehavior [ RunTime:0.000000s ]
INFO: [ app_end ] --END-- [ RunTime:0.001000s ]

[ 2017-09-06T10:14:34+08:00 ] 127.0.0.1 /gdd/framework/thinkphp/index.php/home/wx
INFO: [ app_init ] --START--
INFO: Run Behavior\BuildLiteBehavior [ RunTime:0.000000s ]
INFO: [ app_init ] --END-- [ RunTime:0.001000s ]
INFO: [ app_begin ] --START--
INFO: Run Behavior\ReadHtmlCacheBehavior [ RunTime:0.001000s ]
INFO: [ app_begin ] --END-- [ RunTime:0.001000s ]
ERR: 非法操作:index

[ 2017-09-06T10:14:50+08:00 ] 127.0.0.1 /gdd/framework/thinkphp/index.php/home/wx/dummyInfo
INFO: [ app_init ] --START--
INFO: Run Behavior\BuildLiteBehavior [ RunTime:0.000000s ]
INFO: [ app_init ] --END-- [ RunTime:0.001001s ]
INFO: [ app_begin ] --START--
INFO: Run Behavior\ReadHtmlCacheBehavior [ RunTime:0.001000s ]
INFO: [ app_begin ] --END-- [ RunTime:0.001000s ]

[ 2017-09-06T10:18:17+08:00 ] 127.0.0.1 /gdd/framework/thinkphp/index.php/home/wx/login?code=021W5Mvf1sGlYx0Dh1vf1tF6wf1W5Mv1
INFO: [ app_init ] --START--
INFO: Run Behavior\BuildLiteBehavior [ RunTime:0.000000s ]
INFO: [ app_init ] --END-- [ RunTime:0.001000s ]
INFO: [ app_begin ] --START--
INFO: Run Behavior\ReadHtmlCacheBehavior [ RunTime:0.001000s ]
INFO: [ app_begin ] --END-- [ RunTime:0.001000s ]
NOTIC: [8] Undefined variable: appid F:\GDDocument\framework\thinkphp\Application\Home\Controller\WxController.class.php 第 14 行.
NOTIC: [8] Undefined variable: secret F:\GDDocument\framework\thinkphp\Application\Home\Controller\WxController.class.php 第 15 行.

[ 2017-09-06T10:20:32+08:00 ] 192.168.0.120 /gdd/framework/thinkphp/index.php/home/wx/login?code=021W5Mvf1sGlYx0Dh1vf1tF6wf1W5Mv1
INFO: [ app_init ] --START--
INFO: Run Behavior\BuildLiteBehavior [ RunTime:0.000000s ]
INFO: [ app_init ] --END-- [ RunTime:0.000000s ]
INFO: [ app_begin ] --START--
INFO: Run Behavior\ReadHtmlCacheBehavior [ RunTime:0.000000s ]
INFO: [ app_begin ] --END-- [ RunTime:0.000000s ]
NOTIC: [8] Undefined variable: appid F:\GDDocument\framework\thinkphp\Application\Home\Controller\WxController.class.php 第 14 行.
NOTIC: [8] Undefined variable: secret F:\GDDocument\framework\thinkphp\Application\Home\Controller\WxController.class.php 第 15 行.

[ 2017-09-06T10:20:32+08:00 ] 192.168.0.120 /gdd/framework/thinkphp/index.php/home/wx/login?code=021W5Mvf1sGlYx0Dh1vf1tF6wf1W5Mv1
INFO: [ app_init ] --START--
INFO: Run Behavior\BuildLiteBehavior [ RunTime:0.000000s ]
INFO: [ app_init ] --END-- [ RunTime:0.001000s ]
INFO: [ app_begin ] --START--
INFO: Run Behavior\ReadHtmlCacheBehavior [ RunTime:0.001000s ]
INFO: [ app_begin ] --END-- [ RunTime:0.001000s ]
NOTIC: [8] Undefined variable: appid F:\GDDocument\framework\thinkphp\Application\Home\Controller\WxController.class.php 第 14 行.
NOTIC: [8] Undefined variable: secret F:\GDDocument\framework\thinkphp\Application\Home\Controller\WxController.class.php 第 15 行.

[ 2017-09-06T10:20:40+08:00 ] 192.168.0.120 /gdd/framework/thinkphp/index.php/home/wx/login?code=021W5Mvf1sGlYx0Dh1vf1tF6wf1W5Mv1
INFO: [ app_init ] --START--
INFO: Run Behavior\BuildLiteBehavior [ RunTime:0.000000s ]
INFO: [ app_init ] --END-- [ RunTime:0.001000s ]
INFO: [ app_begin ] --START--
INFO: Run Behavior\ReadHtmlCacheBehavior [ RunTime:0.001000s ]
INFO: [ app_begin ] --END-- [ RunTime:0.001000s ]
NOTIC: [8] Undefined variable: appid F:\GDDocument\framework\thinkphp\Application\Home\Controller\WxController.class.php 第 14 行.
NOTIC: [8] Undefined variable: secret F:\GDDocument\framework\thinkphp\Application\Home\Controller\WxController.class.php 第 15 行.

[ 2017-09-06T10:20:40+08:00 ] 192.168.0.120 /gdd/framework/thinkphp/index.php/home/wx/login?code=021W5Mvf1sGlYx0Dh1vf1tF6wf1W5Mv1
INFO: [ app_init ] --START--
INFO: Run Behavior\BuildLiteBehavior [ RunTime:0.000000s ]
INFO: [ app_init ] --END-- [ RunTime:0.001000s ]
INFO: [ app_begin ] --START--
INFO: Run Behavior\ReadHtmlCacheBehavior [ RunTime:0.001000s ]
INFO: [ app_begin ] --END-- [ RunTime:0.001000s ]
NOTIC: [8] Undefined variable: appid F:\GDDocument\framework\thinkphp\Application\Home\Controller\WxController.class.php 第 14 行.
NOTIC: [8] Undefined variable: secret F:\GDDocument\framework\thinkphp\Application\Home\Controller\WxController.class.php 第 15 行.

[ 2017-09-06T10:22:44+08:00 ] 192.168.0.120 /gdd/framework/thinkphp/index.php/home/wx/login?code=021W5Mvf1sGlYx0Dh1vf1tF6wf1W5Mv1
INFO: [ app_init ] --START--
INFO: Run Behavior\BuildLiteBehavior [ RunTime:0.000000s ]
INFO: [ app_init ] --END-- [ RunTime:0.000000s ]
INFO: [ app_begin ] --START--
INFO: Run Behavior\ReadHtmlCacheBehavior [ RunTime:0.000000s ]
INFO: [ app_begin ] --END-- [ RunTime:0.000000s ]

[ 2017-09-06T10:22:44+08:00 ] 192.168.0.120 /gdd/framework/thinkphp/index.php/home/wx/login?code=021W5Mvf1sGlYx0Dh1vf1tF6wf1W5Mv1
INFO: [ app_init ] --START--
INFO: Run Behavior\BuildLiteBehavior [ RunTime:0.000000s ]
INFO: [ app_init ] --END-- [ RunTime:0.001000s ]
INFO: [ app_begin ] --START--
INFO: Run Behavior\ReadHtmlCacheBehavior [ RunTime:0.001000s ]
INFO: [ app_begin ] --END-- [ RunTime:0.001000s ]

[ 2017-09-06T10:23:23+08:00 ] 127.0.0.1 /gdd/framework/thinkphp/index.php/home/wx/login?code=021W5Mvf1sGlYx0Dh1vf1tF6wf1W5Mv1
INFO: [ app_init ] --START--
INFO: Run Behavior\BuildLiteBehavior [ RunTime:0.000000s ]
INFO: [ app_init ] --END-- [ RunTime:0.001000s ]
INFO: [ app_begin ] --START--
INFO: Run Behavior\ReadHtmlCacheBehavior [ RunTime:0.000000s ]
INFO: [ app_begin ] --END-- [ RunTime:0.001000s ]

[ 2017-09-06T10:27:44+08:00 ] 127.0.0.1 /gdd/framework/thinkphp/index.php/home/wx/login?code=021W5Mvf1sGlYx0Dh1vf1tF6wf1W5Mv1
INFO: [ app_init ] --START--
INFO: Run Behavior\BuildLiteBehavior [ RunTime:0.000000s ]
INFO: [ app_init ] --END-- [ RunTime:0.001000s ]
INFO: [ app_begin ] --START--
INFO: Run Behavior\ReadHtmlCacheBehavior [ RunTime:0.001000s ]
INFO: [ app_begin ] --END-- [ RunTime:0.001000s ]
INFO: [ app_end ] --START--
INFO: Run Behavior\ShowPageTraceBehavior [ RunTime:0.002000s ]
INFO: [ app_end ] --END-- [ RunTime:0.003000s ]

[ 2017-09-06T10:27:44+08:00 ] 127.0.0.1 /gdd/framework/thinkphp/index.php/home/wx/login?code=021W5Mvf1sGlYx0Dh1vf1tF6wf1W5Mv1
INFO: [ app_init ] --START--
INFO: Run Behavior\BuildLiteBehavior [ RunTime:0.001000s ]
INFO: [ app_init ] --END-- [ RunTime:0.001000s ]
INFO: [ app_begin ] --START--
INFO: Run Behavior\ReadHtmlCacheBehavior [ RunTime:0.000000s ]
INFO: [ app_begin ] --END-- [ RunTime:0.001000s ]
INFO: [ app_end ] --START--
INFO: Run Behavior\ShowPageTraceBehavior [ RunTime:0.001000s ]
INFO: [ app_end ] --END-- [ RunTime:0.001000s ]

[ 2017-09-06T10:28:11+08:00 ] 127.0.0.1 /gdd/framework/thinkphp/index.php/home/wx/login?code=021W5Mvf1sGlYx0Dh1vf1tF6wf1W5Mv1
INFO: [ app_init ] --START--
INFO: Run Behavior\BuildLiteBehavior [ RunTime:0.000000s ]
INFO: [ app_init ] --END-- [ RunTime:0.000000s ]
INFO: [ app_begin ] --START--
INFO: Run Behavior\ReadHtmlCacheBehavior [ RunTime:0.000000s ]
INFO: [ app_begin ] --END-- [ RunTime:0.001000s ]

[ 2017-09-06T10:29:40+08:00 ] 127.0.0.1 /gdd/framework/thinkphp/index.php/home/wx/login?code=021W5Mvf1sGlYx0Dh1vf1tF6wf1W5Mv1
INFO: [ app_init ] --START--
INFO: Run Behavior\BuildLiteBehavior [ RunTime:0.000000s ]
INFO: [ app_init ] --END-- [ RunTime:0.000000s ]
INFO: [ app_begin ] --START--
INFO: Run Behavior\ReadHtmlCacheBehavior [ RunTime:0.002000s ]
INFO: [ app_begin ] --END-- [ RunTime:0.002000s ]
INFO: [ app_end ] --START--
INFO: Run Behavior\ShowPageTraceBehavior [ RunTime:0.002000s ]
INFO: [ app_end ] --END-- [ RunTime:0.003000s ]

[ 2017-09-06T10:30:47+08:00 ] 127.0.0.1 /gdd/framework/thinkphp/index.php/home/wx/login?code=021W5Mvf1sGlYx0Dh1vf1tF6wf1W5Mv1
INFO: [ app_init ] --START--
INFO: Run Behavior\BuildLiteBehavior [ RunTime:0.000000s ]
INFO: [ app_init ] --END-- [ RunTime:0.001000s ]
INFO: [ app_begin ] --START--
INFO: Run Behavior\ReadHtmlCacheBehavior [ RunTime:0.001000s ]
INFO: [ app_begin ] --END-- [ RunTime:0.001000s ]
INFO: [ app_end ] --START--
INFO: Run Behavior\ShowPageTraceBehavior [ RunTime:0.002000s ]
INFO: [ app_end ] --END-- [ RunTime:0.003000s ]

[ 2017-09-06T10:34:17+08:00 ] 127.0.0.1 /gdd/framework/thinkphp/index.php/home/wx/login?code=001cv1M81Wqw3U1ZtvM81bA2M81cv1MR
INFO: [ app_init ] --START--
INFO: Run Behavior\BuildLiteBehavior [ RunTime:0.000000s ]
INFO: [ app_init ] --END-- [ RunTime:0.001000s ]
INFO: [ app_begin ] --START--
INFO: Run Behavior\ReadHtmlCacheBehavior [ RunTime:0.001001s ]
INFO: [ app_begin ] --END-- [ RunTime:0.001001s ]
INFO: [ app_end ] --START--
INFO: Run Behavior\ShowPageTraceBehavior [ RunTime:0.003000s ]
INFO: [ app_end ] --END-- [ RunTime:0.003000s ]

[ 2017-09-06T10:35:13+08:00 ] 127.0.0.1 /gdd/framework/thinkphp/index.php/home/wx/login?code=001cv1M81Wqw3U1ZtvM81bA2M81cv1MR
INFO: [ app_init ] --START--
INFO: Run Behavior\BuildLiteBehavior [ RunTime:0.000000s ]
INFO: [ app_init ] --END-- [ RunTime:0.001000s ]
INFO: [ app_begin ] --START--
INFO: Run Behavior\ReadHtmlCacheBehavior [ RunTime:0.001000s ]
INFO: [ app_begin ] --END-- [ RunTime:0.001000s ]

