[ 2017-09-01T09:36:53+08:00 ] 127.0.0.1 /GDDocument/framework/thinkphp/index.php/Home/Wx/curlGet.html
INFO: [ app_init ] --START--
INFO: Run Behavior\BuildLiteBehavior [ RunTime:0.000000s ]
INFO: [ app_init ] --END-- [ RunTime:0.024001s ]
INFO: [ app_begin ] --START--
INFO: Run Behavior\ReadHtmlCacheBehavior [ RunTime:0.001000s ]
INFO: [ app_begin ] --END-- [ RunTime:0.001000s ]
ERR: 参数错误或者未定义:url

[ 2017-09-01T09:37:11+08:00 ] 127.0.0.1 /GDDocument/framework/thinkphp/index.php/Home/Wx/loginTest.html
INFO: [ app_init ] --START--
INFO: Run Behavior\BuildLiteBehavior [ RunTime:0.000000s ]
INFO: [ app_init ] --END-- [ RunTime:0.000000s ]
INFO: [ app_begin ] --START--
INFO: Run Behavior\ReadHtmlCacheBehavior [ RunTime:0.001000s ]
INFO: [ app_begin ] --END-- [ RunTime:0.001000s ]
NOTIC: [8] Use of undefined constant code - assumed 'code' D:\wamp\www\GDDocument\framework\thinkphp\Application\Home\Controller\WxController.class.php 第 34 行.
NOTIC: [8] Use of undefined constant info - assumed 'info' D:\wamp\www\GDDocument\framework\thinkphp\Application\Home\Controller\WxController.class.php 第 35 行.
INFO: [ app_end ] --START--
INFO: Run Behavior\ShowPageTraceBehavior [ RunTime:0.002000s ]
INFO: [ app_end ] --END-- [ RunTime:0.002000s ]

[ 2017-09-01T09:37:50+08:00 ] 127.0.0.1 /GDDocument/framework/thinkphp/index.php/Home/Wx/loginTest.html
INFO: [ app_init ] --START--
INFO: Run Behavior\BuildLiteBehavior [ RunTime:0.000000s ]
INFO: [ app_init ] --END-- [ RunTime:0.001000s ]
INFO: [ app_begin ] --START--
INFO: Run Behavior\ReadHtmlCacheBehavior [ RunTime:0.001000s ]
INFO: [ app_begin ] --END-- [ RunTime:0.001000s ]
NOTIC: [8] Use of undefined constant code - assumed 'code' D:\wamp\www\GDDocument\framework\thinkphp\Application\Home\Controller\WxController.class.php 第 34 行.
NOTIC: [8] Use of undefined constant info - assumed 'info' D:\wamp\www\GDDocument\framework\thinkphp\Application\Home\Controller\WxController.class.php 第 35 行.
INFO: [ app_end ] --START--
INFO: Run Behavior\ShowPageTraceBehavior [ RunTime:0.002001s ]
INFO: [ app_end ] --END-- [ RunTime:0.002001s ]

[ 2017-09-01T09:44:53+08:00 ] 127.0.0.1 /GDDocument/framework/thinkphp/index.php/Home/Wx/loginTest.html
INFO: [ app_init ] --START--
INFO: Run Behavior\BuildLiteBehavior [ RunTime:0.000000s ]
INFO: [ app_init ] --END-- [ RunTime:0.001000s ]
INFO: [ app_begin ] --START--
INFO: Run Behavior\ReadHtmlCacheBehavior [ RunTime:0.001000s ]
INFO: [ app_begin ] --END-- [ RunTime:0.001000s ]
INFO: [ app_end ] --START--
INFO: Run Behavior\ShowPageTraceBehavior [ RunTime:0.002000s ]
INFO: [ app_end ] --END-- [ RunTime:0.003000s ]

[ 2017-09-01T09:59:39+08:00 ] 127.0.0.1 /GDDocument/framework/thinkphp/index.php/Home/Wx/loginTest?code=071G2GAm0ff3jm1WwsCm0yinAm0G2GAD
INFO: [ app_init ] --START--
INFO: Run Behavior\BuildLiteBehavior [ RunTime:0.000000s ]
INFO: [ app_init ] --END-- [ RunTime:0.000000s ]
INFO: [ app_begin ] --START--
INFO: Run Behavior\ReadHtmlCacheBehavior [ RunTime:0.001000s ]
INFO: [ app_begin ] --END-- [ RunTime:0.001000s ]
INFO: [ app_end ] --START--
INFO: Run Behavior\ShowPageTraceBehavior [ RunTime:0.001000s ]
INFO: [ app_end ] --END-- [ RunTime:0.003000s ]

[ 2017-09-01T10:01:07+08:00 ] 127.0.0.1 /GDDocument/framework/thinkphp/index.php/Home/Wx/login?code=071G2GAm0ff3jm1WwsCm0yinAm0G2GAD
INFO: [ app_init ] --START--
INFO: Run Behavior\BuildLiteBehavior [ RunTime:0.000000s ]
INFO: [ app_init ] --END-- [ RunTime:0.001001s ]
INFO: [ app_begin ] --START--
INFO: Run Behavior\ReadHtmlCacheBehavior [ RunTime:0.001000s ]
INFO: [ app_begin ] --END-- [ RunTime:0.001000s ]
NOTIC: [8] Undefined variable: appid D:\wamp\www\GDDocument\framework\thinkphp\Application\Home\Controller\WxController.class.php 第 13 行.
NOTIC: [8] Undefined variable: secret D:\wamp\www\GDDocument\framework\thinkphp\Application\Home\Controller\WxController.class.php 第 14 行.
INFO: [ app_end ] --START--
INFO: Run Behavior\ShowPageTraceBehavior [ RunTime:0.002000s ]
INFO: [ app_end ] --END-- [ RunTime:0.002000s ]

[ 2017-09-01T10:01:07+08:00 ] 127.0.0.1 /GDDocument/framework/thinkphp/index.php/Home/Wx/login?code=071G2GAm0ff3jm1WwsCm0yinAm0G2GAD
INFO: [ app_init ] --START--
INFO: Run Behavior\BuildLiteBehavior [ RunTime:0.000000s ]
INFO: [ app_init ] --END-- [ RunTime:0.000000s ]
INFO: [ app_begin ] --START--
INFO: Run Behavior\ReadHtmlCacheBehavior [ RunTime:0.000000s ]
INFO: [ app_begin ] --END-- [ RunTime:0.002000s ]
NOTIC: [8] Undefined variable: appid D:\wamp\www\GDDocument\framework\thinkphp\Application\Home\Controller\WxController.class.php 第 14 行.
NOTIC: [8] Undefined variable: secret D:\wamp\www\GDDocument\framework\thinkphp\Application\Home\Controller\WxController.class.php 第 15 行.
INFO: [ app_end ] --START--
INFO: Run Behavior\ShowPageTraceBehavior [ RunTime:0.001000s ]
INFO: [ app_end ] --END-- [ RunTime:0.001000s ]

[ 2017-09-01T10:01:07+08:00 ] 127.0.0.1 /GDDocument/framework/thinkphp/index.php/Home/Wx/login?code=071G2GAm0ff3jm1WwsCm0yinAm0G2GAD
INFO: [ app_init ] --START--
INFO: Run Behavior\BuildLiteBehavior [ RunTime:0.000000s ]
INFO: [ app_init ] --END-- [ RunTime:0.001000s ]
INFO: [ app_begin ] --START--
INFO: Run Behavior\ReadHtmlCacheBehavior [ RunTime:0.000000s ]
INFO: [ app_begin ] --END-- [ RunTime:0.000000s ]
NOTIC: [8] Undefined variable: appid D:\wamp\www\GDDocument\framework\thinkphp\Application\Home\Controller\WxController.class.php 第 14 行.
NOTIC: [8] Undefined variable: secret D:\wamp\www\GDDocument\framework\thinkphp\Application\Home\Controller\WxController.class.php 第 15 行.
INFO: [ app_end ] --START--
INFO: Run Behavior\ShowPageTraceBehavior [ RunTime:0.000000s ]
INFO: [ app_end ] --END-- [ RunTime:0.001000s ]

[ 2017-09-01T10:01:08+08:00 ] 127.0.0.1 /GDDocument/framework/thinkphp/index.php/Home/Wx/login?code=071G2GAm0ff3jm1WwsCm0yinAm0G2GAD
INFO: [ app_init ] --START--
INFO: Run Behavior\BuildLiteBehavior [ RunTime:0.000000s ]
INFO: [ app_init ] --END-- [ RunTime:0.001000s ]
INFO: [ app_begin ] --START--
INFO: Run Behavior\ReadHtmlCacheBehavior [ RunTime:0.000000s ]
INFO: [ app_begin ] --END-- [ RunTime:0.001000s ]
NOTIC: [8] Undefined variable: appid D:\wamp\www\GDDocument\framework\thinkphp\Application\Home\Controller\WxController.class.php 第 14 行.
NOTIC: [8] Undefined variable: secret D:\wamp\www\GDDocument\framework\thinkphp\Application\Home\Controller\WxController.class.php 第 15 行.
INFO: [ app_end ] --START--
INFO: Run Behavior\ShowPageTraceBehavior [ RunTime:0.001000s ]
INFO: [ app_end ] --END-- [ RunTime:0.001000s ]

[ 2017-09-01T10:03:12+08:00 ] 127.0.0.1 /GDDocument/framework/thinkphp/index.php/Home/Wx/login?code=071G2GAm0ff3jm1WwsCm0yinAm0G2GAD
INFO: [ app_init ] --START--
INFO: Run Behavior\BuildLiteBehavior [ RunTime:0.000000s ]
INFO: [ app_init ] --END-- [ RunTime:0.001000s ]
INFO: [ app_begin ] --START--
INFO: Run Behavior\ReadHtmlCacheBehavior [ RunTime:0.001001s ]
INFO: [ app_begin ] --END-- [ RunTime:0.001001s ]
NOTIC: [8] Undefined variable: appid D:\wamp\www\GDDocument\framework\thinkphp\Application\Home\Controller\WxController.class.php 第 14 行.
NOTIC: [8] Undefined variable: secret D:\wamp\www\GDDocument\framework\thinkphp\Application\Home\Controller\WxController.class.php 第 15 行.
INFO: [ app_end ] --START--
INFO: Run Behavior\ShowPageTraceBehavior [ RunTime:0.002000s ]
INFO: [ app_end ] --END-- [ RunTime:0.002000s ]

[ 2017-09-01T10:03:37+08:00 ] 127.0.0.1 /GDDocument/framework/thinkphp/index.php/Home/Wx/login
INFO: [ app_init ] --START--
INFO: Run Behavior\BuildLiteBehavior [ RunTime:0.000000s ]
INFO: [ app_init ] --END-- [ RunTime:0.002000s ]
INFO: [ app_begin ] --START--
INFO: Run Behavior\ReadHtmlCacheBehavior [ RunTime:0.001000s ]
INFO: [ app_begin ] --END-- [ RunTime:0.002000s ]
INFO: [ view_parse ] --START--
INFO: [ template_filter ] --START--
INFO: Run Behavior\ContentReplaceBehavior [ RunTime:0.036002s ]
INFO: [ template_filter ] --END-- [ RunTime:0.036002s ]
INFO: Run Behavior\ParseTemplateBehavior [ RunTime:0.057004s ]
INFO: [ view_parse ] --END-- [ RunTime:0.057004s ]
INFO: [ view_filter ] --START--
INFO: Run Behavior\WriteHtmlCacheBehavior [ RunTime:0.001000s ]
INFO: [ view_filter ] --END-- [ RunTime:0.001000s ]

[ 2017-09-01T10:03:40+08:00 ] 127.0.0.1 /GDDocument/framework/thinkphp/index.php/Home/Wx/login?code=071G2GAm0ff3jm1WwsCm0yinAm0G2GAD
INFO: [ app_init ] --START--
INFO: Run Behavior\BuildLiteBehavior [ RunTime:0.000000s ]
INFO: [ app_init ] --END-- [ RunTime:0.001000s ]
INFO: [ app_begin ] --START--
INFO: Run Behavior\ReadHtmlCacheBehavior [ RunTime:0.000000s ]
INFO: [ app_begin ] --END-- [ RunTime:0.002000s ]
NOTIC: [8] Undefined variable: appid D:\wamp\www\GDDocument\framework\thinkphp\Application\Home\Controller\WxController.class.php 第 14 行.
NOTIC: [8] Undefined variable: secret D:\wamp\www\GDDocument\framework\thinkphp\Application\Home\Controller\WxController.class.php 第 15 行.
INFO: [ app_end ] --START--
INFO: Run Behavior\ShowPageTraceBehavior [ RunTime:0.002000s ]
INFO: [ app_end ] --END-- [ RunTime:0.002000s ]

[ 2017-09-01T10:23:21+08:00 ] 127.0.0.1 /GDDocument/framework/thinkphp/index.php/Home/Wx/login?code=071G2GAm0ff3jm1WwsCm0yinAm0G2GAD
INFO: [ app_init ] --START--
INFO: Run Behavior\BuildLiteBehavior [ RunTime:0.000000s ]
INFO: [ app_init ] --END-- [ RunTime:0.001000s ]
INFO: [ app_begin ] --START--
INFO: Run Behavior\ReadHtmlCacheBehavior [ RunTime:0.001000s ]
INFO: [ app_begin ] --END-- [ RunTime:0.001000s ]
NOTIC: [8] Undefined variable: appid D:\wamp\www\GDDocument\framework\thinkphp\Application\Home\Controller\WxController.class.php 第 14 行.
NOTIC: [8] Undefined variable: secret D:\wamp\www\GDDocument\framework\thinkphp\Application\Home\Controller\WxController.class.php 第 15 行.
NOTIC: [8] Undefined index: HTTP_REFERER D:\wamp\www\GDDocument\framework\thinkphp\ThinkPHP\Library\Think\Controller.class.php 第 283 行.
INFO: [ view_parse ] --START--
INFO: [ template_filter ] --START--
INFO: Run Behavior\ContentReplaceBehavior [ RunTime:0.000000s ]
INFO: [ template_filter ] --END-- [ RunTime:0.001000s ]
INFO: Run Behavior\ParseTemplateBehavior [ RunTime:0.021002s ]
INFO: [ view_parse ] --END-- [ RunTime:0.021002s ]
INFO: [ view_filter ] --START--
INFO: Run Behavior\WriteHtmlCacheBehavior [ RunTime:0.001000s ]
INFO: [ view_filter ] --END-- [ RunTime:0.002000s ]
INFO: [ app_end ] --START--
INFO: Run Behavior\ShowPageTraceBehavior [ RunTime:0.001000s ]
INFO: [ app_end ] --END-- [ RunTime:0.001000s ]

[ 2017-09-01T10:23:22+08:00 ] 127.0.0.1 /GDDocument/framework/thinkphp/index.php/Home/Wx/login?code=071G2GAm0ff3jm1WwsCm0yinAm0G2GAD
INFO: [ app_init ] --START--
INFO: Run Behavior\BuildLiteBehavior [ RunTime:0.000000s ]
INFO: [ app_init ] --END-- [ RunTime:0.001000s ]
INFO: [ app_begin ] --START--
INFO: Run Behavior\ReadHtmlCacheBehavior [ RunTime:0.001000s ]
INFO: [ app_begin ] --END-- [ RunTime:0.001000s ]
NOTIC: [8] Undefined variable: appid D:\wamp\www\GDDocument\framework\thinkphp\Application\Home\Controller\WxController.class.php 第 14 行.
NOTIC: [8] Undefined variable: secret D:\wamp\www\GDDocument\framework\thinkphp\Application\Home\Controller\WxController.class.php 第 15 行.
INFO: [ view_parse ] --START--
INFO: [ template_filter ] --START--
INFO: Run Behavior\ContentReplaceBehavior [ RunTime:0.000000s ]
INFO: [ template_filter ] --END-- [ RunTime:0.000000s ]
INFO: Run Behavior\ParseTemplateBehavior [ RunTime:0.012001s ]
INFO: [ view_parse ] --END-- [ RunTime:0.012001s ]
INFO: [ view_filter ] --START--
INFO: Run Behavior\WriteHtmlCacheBehavior [ RunTime:0.000000s ]
INFO: [ view_filter ] --END-- [ RunTime:0.001000s ]
INFO: [ app_end ] --START--
INFO: Run Behavior\ShowPageTraceBehavior [ RunTime:0.001000s ]
INFO: [ app_end ] --END-- [ RunTime:0.001000s ]

[ 2017-09-01T10:23:23+08:00 ] 127.0.0.1 /GDDocument/framework/thinkphp/index.php/Home/Wx/login?code=071G2GAm0ff3jm1WwsCm0yinAm0G2GAD
INFO: [ app_init ] --START--
INFO: Run Behavior\BuildLiteBehavior [ RunTime:0.000000s ]
INFO: [ app_init ] --END-- [ RunTime:0.000000s ]
INFO: [ app_begin ] --START--
INFO: Run Behavior\ReadHtmlCacheBehavior [ RunTime:0.001000s ]
INFO: [ app_begin ] --END-- [ RunTime:0.001000s ]
NOTIC: [8] Undefined variable: appid D:\wamp\www\GDDocument\framework\thinkphp\Application\Home\Controller\WxController.class.php 第 14 行.
NOTIC: [8] Undefined variable: secret D:\wamp\www\GDDocument\framework\thinkphp\Application\Home\Controller\WxController.class.php 第 15 行.
INFO: [ view_parse ] --START--
INFO: [ template_filter ] --START--
INFO: Run Behavior\ContentReplaceBehavior [ RunTime:0.000000s ]
INFO: [ template_filter ] --END-- [ RunTime:0.000000s ]
INFO: Run Behavior\ParseTemplateBehavior [ RunTime:0.007000s ]
INFO: [ view_parse ] --END-- [ RunTime:0.008001s ]
INFO: [ view_filter ] --START--
INFO: Run Behavior\WriteHtmlCacheBehavior [ RunTime:0.000000s ]
INFO: [ view_filter ] --END-- [ RunTime:0.000000s ]
INFO: [ app_end ] --START--
INFO: Run Behavior\ShowPageTraceBehavior [ RunTime:0.000000s ]
INFO: [ app_end ] --END-- [ RunTime:0.000000s ]

[ 2017-09-01T10:23:24+08:00 ] 127.0.0.1 /GDDocument/framework/thinkphp/index.php/Home/Wx/login?code=071G2GAm0ff3jm1WwsCm0yinAm0G2GAD
INFO: [ app_init ] --START--
INFO: Run Behavior\BuildLiteBehavior [ RunTime:0.000000s ]
INFO: [ app_init ] --END-- [ RunTime:0.000000s ]
INFO: [ app_begin ] --START--
INFO: Run Behavior\ReadHtmlCacheBehavior [ RunTime:0.001001s ]
INFO: [ app_begin ] --END-- [ RunTime:0.001001s ]
NOTIC: [8] Undefined variable: appid D:\wamp\www\GDDocument\framework\thinkphp\Application\Home\Controller\WxController.class.php 第 14 行.
NOTIC: [8] Undefined variable: secret D:\wamp\www\GDDocument\framework\thinkphp\Application\Home\Controller\WxController.class.php 第 15 行.
INFO: [ view_parse ] --START--
INFO: [ template_filter ] --START--
INFO: Run Behavior\ContentReplaceBehavior [ RunTime:0.001000s ]
INFO: [ template_filter ] --END-- [ RunTime:0.001000s ]
INFO: Run Behavior\ParseTemplateBehavior [ RunTime:0.009001s ]
INFO: [ view_parse ] --END-- [ RunTime:0.009001s ]
INFO: [ view_filter ] --START--
INFO: Run Behavior\WriteHtmlCacheBehavior [ RunTime:0.001000s ]
INFO: [ view_filter ] --END-- [ RunTime:0.001000s ]
INFO: [ app_end ] --START--
INFO: Run Behavior\ShowPageTraceBehavior [ RunTime:0.001000s ]
INFO: [ app_end ] --END-- [ RunTime:0.001000s ]

[ 2017-09-01T10:23:26+08:00 ] 127.0.0.1 /GDDocument/framework/thinkphp/index.php/Home/Wx/login?code=071G2GAm0ff3jm1WwsCm0yinAm0G2GAD
INFO: [ app_init ] --START--
INFO: Run Behavior\BuildLiteBehavior [ RunTime:0.000000s ]
INFO: [ app_init ] --END-- [ RunTime:0.001000s ]
INFO: [ app_begin ] --START--
INFO: Run Behavior\ReadHtmlCacheBehavior [ RunTime:0.000000s ]
INFO: [ app_begin ] --END-- [ RunTime:0.000000s ]
NOTIC: [8] Undefined variable: appid D:\wamp\www\GDDocument\framework\thinkphp\Application\Home\Controller\WxController.class.php 第 14 行.
NOTIC: [8] Undefined variable: secret D:\wamp\www\GDDocument\framework\thinkphp\Application\Home\Controller\WxController.class.php 第 15 行.
INFO: [ view_parse ] --START--
INFO: [ template_filter ] --START--
INFO: Run Behavior\ContentReplaceBehavior [ RunTime:0.000000s ]
INFO: [ template_filter ] --END-- [ RunTime:0.000000s ]
INFO: Run Behavior\ParseTemplateBehavior [ RunTime:0.018001s ]
INFO: [ view_parse ] --END-- [ RunTime:0.019001s ]
INFO: [ view_filter ] --START--
INFO: Run Behavior\WriteHtmlCacheBehavior [ RunTime:0.001001s ]
INFO: [ view_filter ] --END-- [ RunTime:0.002001s ]
INFO: [ app_end ] --START--
INFO: Run Behavior\ShowPageTraceBehavior [ RunTime:0.002000s ]
INFO: [ app_end ] --END-- [ RunTime:0.002000s ]

[ 2017-09-01T10:23:27+08:00 ] 127.0.0.1 /GDDocument/framework/thinkphp/index.php/Home/Wx/login?code=071G2GAm0ff3jm1WwsCm0yinAm0G2GAD
INFO: [ app_init ] --START--
INFO: Run Behavior\BuildLiteBehavior [ RunTime:0.000000s ]
INFO: [ app_init ] --END-- [ RunTime:0.001000s ]
INFO: [ app_begin ] --START--
INFO: Run Behavior\ReadHtmlCacheBehavior [ RunTime:0.001000s ]
INFO: [ app_begin ] --END-- [ RunTime:0.001000s ]
NOTIC: [8] Undefined variable: appid D:\wamp\www\GDDocument\framework\thinkphp\Application\Home\Controller\WxController.class.php 第 14 行.
NOTIC: [8] Undefined variable: secret D:\wamp\www\GDDocument\framework\thinkphp\Application\Home\Controller\WxController.class.php 第 15 行.
INFO: [ view_parse ] --START--
INFO: [ template_filter ] --START--
INFO: Run Behavior\ContentReplaceBehavior [ RunTime:0.000000s ]
INFO: [ template_filter ] --END-- [ RunTime:0.000000s ]
INFO: Run Behavior\ParseTemplateBehavior [ RunTime:0.008000s ]
INFO: [ view_parse ] --END-- [ RunTime:0.008000s ]
INFO: [ view_filter ] --START--
INFO: Run Behavior\WriteHtmlCacheBehavior [ RunTime:0.000000s ]
INFO: [ view_filter ] --END-- [ RunTime:0.000000s ]
INFO: [ app_end ] --START--
INFO: Run Behavior\ShowPageTraceBehavior [ RunTime:0.000000s ]
INFO: [ app_end ] --END-- [ RunTime:0.000000s ]

[ 2017-09-01T10:23:28+08:00 ] 127.0.0.1 /GDDocument/framework/thinkphp/index.php/Home/Wx/login?code=071G2GAm0ff3jm1WwsCm0yinAm0G2GAD
INFO: [ app_init ] --START--
INFO: Run Behavior\BuildLiteBehavior [ RunTime:0.000000s ]
INFO: [ app_init ] --END-- [ RunTime:0.001000s ]
INFO: [ app_begin ] --START--
INFO: Run Behavior\ReadHtmlCacheBehavior [ RunTime:0.001000s ]
INFO: [ app_begin ] --END-- [ RunTime:0.001000s ]
NOTIC: [8] Undefined variable: appid D:\wamp\www\GDDocument\framework\thinkphp\Application\Home\Controller\WxController.class.php 第 14 行.
NOTIC: [8] Undefined variable: secret D:\wamp\www\GDDocument\framework\thinkphp\Application\Home\Controller\WxController.class.php 第 15 行.
INFO: [ view_parse ] --START--
INFO: [ template_filter ] --START--
INFO: Run Behavior\ContentReplaceBehavior [ RunTime:0.000000s ]
INFO: [ template_filter ] --END-- [ RunTime:0.000000s ]
INFO: Run Behavior\ParseTemplateBehavior [ RunTime:0.006000s ]
INFO: [ view_parse ] --END-- [ RunTime:0.006000s ]
INFO: [ view_filter ] --START--
INFO: Run Behavior\WriteHtmlCacheBehavior [ RunTime:0.000000s ]
INFO: [ view_filter ] --END-- [ RunTime:0.001001s ]
INFO: [ app_end ] --START--
INFO: Run Behavior\ShowPageTraceBehavior [ RunTime:0.000000s ]
INFO: [ app_end ] --END-- [ RunTime:0.000000s ]

[ 2017-09-01T10:23:29+08:00 ] 127.0.0.1 /GDDocument/framework/thinkphp/index.php/Home/Wx/login?code=071G2GAm0ff3jm1WwsCm0yinAm0G2GAD
INFO: [ app_init ] --START--
INFO: Run Behavior\BuildLiteBehavior [ RunTime:0.000000s ]
INFO: [ app_init ] --END-- [ RunTime:0.001001s ]
INFO: [ app_begin ] --START--
INFO: Run Behavior\ReadHtmlCacheBehavior [ RunTime:0.001000s ]
INFO: [ app_begin ] --END-- [ RunTime:0.001000s ]
NOTIC: [8] Undefined variable: appid D:\wamp\www\GDDocument\framework\thinkphp\Application\Home\Controller\WxController.class.php 第 14 行.
NOTIC: [8] Undefined variable: secret D:\wamp\www\GDDocument\framework\thinkphp\Application\Home\Controller\WxController.class.php 第 15 行.
INFO: [ view_parse ] --START--
INFO: [ template_filter ] --START--
INFO: Run Behavior\ContentReplaceBehavior [ RunTime:0.000000s ]
INFO: [ template_filter ] --END-- [ RunTime:0.000000s ]
INFO: Run Behavior\ParseTemplateBehavior [ RunTime:0.011001s ]
INFO: [ view_parse ] --END-- [ RunTime:0.011001s ]
INFO: [ view_filter ] --START--
INFO: Run Behavior\WriteHtmlCacheBehavior [ RunTime:0.001000s ]
INFO: [ view_filter ] --END-- [ RunTime:0.001000s ]
INFO: [ app_end ] --START--
INFO: Run Behavior\ShowPageTraceBehavior [ RunTime:0.001000s ]
INFO: [ app_end ] --END-- [ RunTime:0.001000s ]

[ 2017-09-01T10:23:30+08:00 ] 127.0.0.1 /GDDocument/framework/thinkphp/index.php/Home/Wx/login?code=071G2GAm0ff3jm1WwsCm0yinAm0G2GAD
INFO: [ app_init ] --START--
INFO: Run Behavior\BuildLiteBehavior [ RunTime:0.000000s ]
INFO: [ app_init ] --END-- [ RunTime:0.001000s ]
INFO: [ app_begin ] --START--
INFO: Run Behavior\ReadHtmlCacheBehavior [ RunTime:0.001000s ]
INFO: [ app_begin ] --END-- [ RunTime:0.002000s ]
NOTIC: [8] Undefined variable: appid D:\wamp\www\GDDocument\framework\thinkphp\Application\Home\Controller\WxController.class.php 第 14 行.
NOTIC: [8] Undefined variable: secret D:\wamp\www\GDDocument\framework\thinkphp\Application\Home\Controller\WxController.class.php 第 15 行.
INFO: [ view_parse ] --START--
INFO: [ template_filter ] --START--
INFO: Run Behavior\ContentReplaceBehavior [ RunTime:0.001000s ]
INFO: [ template_filter ] --END-- [ RunTime:0.001000s ]
INFO: Run Behavior\ParseTemplateBehavior [ RunTime:0.008000s ]
INFO: [ view_parse ] --END-- [ RunTime:0.008000s ]
INFO: [ view_filter ] --START--
INFO: Run Behavior\WriteHtmlCacheBehavior [ RunTime:0.001000s ]
INFO: [ view_filter ] --END-- [ RunTime:0.001000s ]
INFO: [ app_end ] --START--
INFO: Run Behavior\ShowPageTraceBehavior [ RunTime:0.001000s ]
INFO: [ app_end ] --END-- [ RunTime:0.001000s ]

[ 2017-09-01T10:23:32+08:00 ] 127.0.0.1 /GDDocument/framework/thinkphp/index.php/Home/Wx/login?code=071G2GAm0ff3jm1WwsCm0yinAm0G2GAD
INFO: [ app_init ] --START--
INFO: Run Behavior\BuildLiteBehavior [ RunTime:0.000000s ]
INFO: [ app_init ] --END-- [ RunTime:0.001000s ]
INFO: [ app_begin ] --START--
INFO: Run Behavior\ReadHtmlCacheBehavior [ RunTime:0.000000s ]
INFO: [ app_begin ] --END-- [ RunTime:0.001000s ]
NOTIC: [8] Undefined variable: appid D:\wamp\www\GDDocument\framework\thinkphp\Application\Home\Controller\WxController.class.php 第 14 行.
NOTIC: [8] Undefined variable: secret D:\wamp\www\GDDocument\framework\thinkphp\Application\Home\Controller\WxController.class.php 第 15 行.
INFO: [ view_parse ] --START--
INFO: [ template_filter ] --START--
INFO: Run Behavior\ContentReplaceBehavior [ RunTime:0.000000s ]
INFO: [ template_filter ] --END-- [ RunTime:0.001000s ]
INFO: Run Behavior\ParseTemplateBehavior [ RunTime:0.007000s ]
INFO: [ view_parse ] --END-- [ RunTime:0.007000s ]
INFO: [ view_filter ] --START--
INFO: Run Behavior\WriteHtmlCacheBehavior [ RunTime:0.001000s ]
INFO: [ view_filter ] --END-- [ RunTime:0.001000s ]
INFO: [ app_end ] --START--
INFO: Run Behavior\ShowPageTraceBehavior [ RunTime:0.000000s ]
INFO: [ app_end ] --END-- [ RunTime:0.001000s ]

[ 2017-09-01T10:23:33+08:00 ] 127.0.0.1 /GDDocument/framework/thinkphp/index.php/Home/Wx/login?code=071G2GAm0ff3jm1WwsCm0yinAm0G2GAD
INFO: [ app_init ] --START--
INFO: Run Behavior\BuildLiteBehavior [ RunTime:0.000000s ]
INFO: [ app_init ] --END-- [ RunTime:0.000000s ]
INFO: [ app_begin ] --START--
INFO: Run Behavior\ReadHtmlCacheBehavior [ RunTime:0.000000s ]
INFO: [ app_begin ] --END-- [ RunTime:0.001000s ]
NOTIC: [8] Undefined variable: appid D:\wamp\www\GDDocument\framework\thinkphp\Application\Home\Controller\WxController.class.php 第 14 行.
NOTIC: [8] Undefined variable: secret D:\wamp\www\GDDocument\framework\thinkphp\Application\Home\Controller\WxController.class.php 第 15 行.
INFO: [ view_parse ] --START--
INFO: [ template_filter ] --START--
INFO: Run Behavior\ContentReplaceBehavior [ RunTime:0.000000s ]
INFO: [ template_filter ] --END-- [ RunTime:0.000000s ]
INFO: Run Behavior\ParseTemplateBehavior [ RunTime:0.007000s ]
INFO: [ view_parse ] --END-- [ RunTime:0.008000s ]
INFO: [ view_filter ] --START--
INFO: Run Behavior\WriteHtmlCacheBehavior [ RunTime:0.000000s ]
INFO: [ view_filter ] --END-- [ RunTime:0.000000s ]
INFO: [ app_end ] --START--
INFO: Run Behavior\ShowPageTraceBehavior [ RunTime:0.001000s ]
INFO: [ app_end ] --END-- [ RunTime:0.001000s ]

[ 2017-09-01T10:23:34+08:00 ] 127.0.0.1 /GDDocument/framework/thinkphp/index.php/Home/Wx/login?code=071G2GAm0ff3jm1WwsCm0yinAm0G2GAD
INFO: [ app_init ] --START--
INFO: Run Behavior\BuildLiteBehavior [ RunTime:0.000000s ]
INFO: [ app_init ] --END-- [ RunTime:0.000000s ]
INFO: [ app_begin ] --START--
INFO: Run Behavior\ReadHtmlCacheBehavior [ RunTime:0.001000s ]
INFO: [ app_begin ] --END-- [ RunTime:0.001000s ]
NOTIC: [8] Undefined variable: appid D:\wamp\www\GDDocument\framework\thinkphp\Application\Home\Controller\WxController.class.php 第 14 行.
NOTIC: [8] Undefined variable: secret D:\wamp\www\GDDocument\framework\thinkphp\Application\Home\Controller\WxController.class.php 第 15 行.
INFO: [ view_parse ] --START--
INFO: [ template_filter ] --START--
INFO: Run Behavior\ContentReplaceBehavior [ RunTime:0.000000s ]
INFO: [ template_filter ] --END-- [ RunTime:0.000000s ]
INFO: Run Behavior\ParseTemplateBehavior [ RunTime:0.008001s ]
INFO: [ view_parse ] --END-- [ RunTime:0.008001s ]
INFO: [ view_filter ] --START--
INFO: Run Behavior\WriteHtmlCacheBehavior [ RunTime:0.000000s ]
INFO: [ view_filter ] --END-- [ RunTime:0.000000s ]
INFO: [ app_end ] --START--
INFO: Run Behavior\ShowPageTraceBehavior [ RunTime:0.000000s ]
INFO: [ app_end ] --END-- [ RunTime:0.000000s ]

[ 2017-09-01T10:23:35+08:00 ] 127.0.0.1 /GDDocument/framework/thinkphp/index.php/Home/Wx/login?code=071G2GAm0ff3jm1WwsCm0yinAm0G2GAD
INFO: [ app_init ] --START--
INFO: Run Behavior\BuildLiteBehavior [ RunTime:0.000000s ]
INFO: [ app_init ] --END-- [ RunTime:0.001000s ]
INFO: [ app_begin ] --START--
INFO: Run Behavior\ReadHtmlCacheBehavior [ RunTime:0.001000s ]
INFO: [ app_begin ] --END-- [ RunTime:0.001000s ]
NOTIC: [8] Undefined variable: appid D:\wamp\www\GDDocument\framework\thinkphp\Application\Home\Controller\WxController.class.php 第 14 行.
NOTIC: [8] Undefined variable: secret D:\wamp\www\GDDocument\framework\thinkphp\Application\Home\Controller\WxController.class.php 第 15 行.
INFO: [ view_parse ] --START--
INFO: [ template_filter ] --START--
INFO: Run Behavior\ContentReplaceBehavior [ RunTime:0.000000s ]
INFO: [ template_filter ] --END-- [ RunTime:0.000000s ]
INFO: Run Behavior\ParseTemplateBehavior [ RunTime:0.005000s ]
INFO: [ view_parse ] --END-- [ RunTime:0.005000s ]
INFO: [ view_filter ] --START--
INFO: Run Behavior\WriteHtmlCacheBehavior [ RunTime:0.000000s ]
INFO: [ view_filter ] --END-- [ RunTime:0.000000s ]
INFO: [ app_end ] --START--
INFO: Run Behavior\ShowPageTraceBehavior [ RunTime:0.000000s ]
INFO: [ app_end ] --END-- [ RunTime:0.000000s ]

[ 2017-09-01T10:23:36+08:00 ] 127.0.0.1 /GDDocument/framework/thinkphp/index.php/Home/Wx/login?code=071G2GAm0ff3jm1WwsCm0yinAm0G2GAD
INFO: [ app_init ] --START--
INFO: Run Behavior\BuildLiteBehavior [ RunTime:0.001000s ]
INFO: [ app_init ] --END-- [ RunTime:0.001000s ]
INFO: [ app_begin ] --START--
INFO: Run Behavior\ReadHtmlCacheBehavior [ RunTime:0.001000s ]
INFO: [ app_begin ] --END-- [ RunTime:0.001000s ]
NOTIC: [8] Undefined variable: appid D:\wamp\www\GDDocument\framework\thinkphp\Application\Home\Controller\WxController.class.php 第 14 行.
NOTIC: [8] Undefined variable: secret D:\wamp\www\GDDocument\framework\thinkphp\Application\Home\Controller\WxController.class.php 第 15 行.
INFO: [ view_parse ] --START--
INFO: [ template_filter ] --START--
INFO: Run Behavior\ContentReplaceBehavior [ RunTime:0.000000s ]
INFO: [ template_filter ] --END-- [ RunTime:0.000000s ]
INFO: Run Behavior\ParseTemplateBehavior [ RunTime:0.006000s ]
INFO: [ view_parse ] --END-- [ RunTime:0.006000s ]
INFO: [ view_filter ] --START--
INFO: Run Behavior\WriteHtmlCacheBehavior [ RunTime:0.000000s ]
INFO: [ view_filter ] --END-- [ RunTime:0.000000s ]
INFO: [ app_end ] --START--
INFO: Run Behavior\ShowPageTraceBehavior [ RunTime:0.001000s ]
INFO: [ app_end ] --END-- [ RunTime:0.001000s ]

[ 2017-09-01T10:23:37+08:00 ] 127.0.0.1 /GDDocument/framework/thinkphp/index.php/Home/Wx/login?code=071G2GAm0ff3jm1WwsCm0yinAm0G2GAD
INFO: [ app_init ] --START--
INFO: Run Behavior\BuildLiteBehavior [ RunTime:0.000000s ]
INFO: [ app_init ] --END-- [ RunTime:0.001000s ]
INFO: [ app_begin ] --START--
INFO: Run Behavior\ReadHtmlCacheBehavior [ RunTime:0.001000s ]
INFO: [ app_begin ] --END-- [ RunTime:0.002000s ]
NOTIC: [8] Undefined variable: appid D:\wamp\www\GDDocument\framework\thinkphp\Application\Home\Controller\WxController.class.php 第 14 行.
NOTIC: [8] Undefined variable: secret D:\wamp\www\GDDocument\framework\thinkphp\Application\Home\Controller\WxController.class.php 第 15 行.
INFO: [ view_parse ] --START--
INFO: [ template_filter ] --START--
INFO: Run Behavior\ContentReplaceBehavior [ RunTime:0.000000s ]
INFO: [ template_filter ] --END-- [ RunTime:0.000000s ]
INFO: Run Behavior\ParseTemplateBehavior [ RunTime:0.005001s ]
INFO: [ view_parse ] --END-- [ RunTime:0.005001s ]
INFO: [ view_filter ] --START--
INFO: Run Behavior\WriteHtmlCacheBehavior [ RunTime:0.000000s ]
INFO: [ view_filter ] --END-- [ RunTime:0.000000s ]
INFO: [ app_end ] --START--
INFO: Run Behavior\ShowPageTraceBehavior [ RunTime:0.000000s ]
INFO: [ app_end ] --END-- [ RunTime:0.001000s ]

[ 2017-09-01T10:23:38+08:00 ] 127.0.0.1 /GDDocument/framework/thinkphp/index.php/Home/Wx/login?code=071G2GAm0ff3jm1WwsCm0yinAm0G2GAD
INFO: [ app_init ] --START--
INFO: Run Behavior\BuildLiteBehavior [ RunTime:0.000000s ]
INFO: [ app_init ] --END-- [ RunTime:0.001000s ]
INFO: [ app_begin ] --START--
INFO: Run Behavior\ReadHtmlCacheBehavior [ RunTime:0.001000s ]
INFO: [ app_begin ] --END-- [ RunTime:0.001000s ]
NOTIC: [8] Undefined variable: appid D:\wamp\www\GDDocument\framework\thinkphp\Application\Home\Controller\WxController.class.php 第 14 行.
NOTIC: [8] Undefined variable: secret D:\wamp\www\GDDocument\framework\thinkphp\Application\Home\Controller\WxController.class.php 第 15 行.
INFO: [ view_parse ] --START--
INFO: [ template_filter ] --START--
INFO: Run Behavior\ContentReplaceBehavior [ RunTime:0.001000s ]
INFO: [ template_filter ] --END-- [ RunTime:0.001000s ]
INFO: Run Behavior\ParseTemplateBehavior [ RunTime:0.009001s ]
INFO: [ view_parse ] --END-- [ RunTime:0.009001s ]
INFO: [ view_filter ] --START--
INFO: Run Behavior\WriteHtmlCacheBehavior [ RunTime:0.001000s ]
INFO: [ view_filter ] --END-- [ RunTime:0.001000s ]
INFO: [ app_end ] --START--
INFO: Run Behavior\ShowPageTraceBehavior [ RunTime:0.001000s ]
INFO: [ app_end ] --END-- [ RunTime:0.001000s ]

[ 2017-09-01T10:23:40+08:00 ] 127.0.0.1 /GDDocument/framework/thinkphp/index.php/Home/Wx/login?code=071G2GAm0ff3jm1WwsCm0yinAm0G2GAD
INFO: [ app_init ] --START--
INFO: Run Behavior\BuildLiteBehavior [ RunTime:0.000000s ]
INFO: [ app_init ] --END-- [ RunTime:0.000000s ]
INFO: [ app_begin ] --START--
INFO: Run Behavior\ReadHtmlCacheBehavior [ RunTime:0.000000s ]
INFO: [ app_begin ] --END-- [ RunTime:0.000000s ]
NOTIC: [8] Undefined variable: appid D:\wamp\www\GDDocument\framework\thinkphp\Application\Home\Controller\WxController.class.php 第 14 行.
NOTIC: [8] Undefined variable: secret D:\wamp\www\GDDocument\framework\thinkphp\Application\Home\Controller\WxController.class.php 第 15 行.
INFO: [ view_parse ] --START--
INFO: [ template_filter ] --START--
INFO: Run Behavior\ContentReplaceBehavior [ RunTime:0.000000s ]
INFO: [ template_filter ] --END-- [ RunTime:0.001000s ]
INFO: Run Behavior\ParseTemplateBehavior [ RunTime:0.008000s ]
INFO: [ view_parse ] --END-- [ RunTime:0.009000s ]
INFO: [ view_filter ] --START--
INFO: Run Behavior\WriteHtmlCacheBehavior [ RunTime:0.000000s ]
INFO: [ view_filter ] --END-- [ RunTime:0.000000s ]
INFO: [ app_end ] --START--
INFO: Run Behavior\ShowPageTraceBehavior [ RunTime:0.001000s ]
INFO: [ app_end ] --END-- [ RunTime:0.001000s ]

[ 2017-09-01T10:23:41+08:00 ] 127.0.0.1 /GDDocument/framework/thinkphp/index.php/Home/Wx/login?code=071G2GAm0ff3jm1WwsCm0yinAm0G2GAD
INFO: [ app_init ] --START--
INFO: Run Behavior\BuildLiteBehavior [ RunTime:0.000000s ]
INFO: [ app_init ] --END-- [ RunTime:0.001000s ]
INFO: [ app_begin ] --START--
INFO: Run Behavior\ReadHtmlCacheBehavior [ RunTime:0.000000s ]
INFO: [ app_begin ] --END-- [ RunTime:0.001000s ]
NOTIC: [8] Undefined variable: appid D:\wamp\www\GDDocument\framework\thinkphp\Application\Home\Controller\WxController.class.php 第 14 行.
NOTIC: [8] Undefined variable: secret D:\wamp\www\GDDocument\framework\thinkphp\Application\Home\Controller\WxController.class.php 第 15 行.
INFO: [ view_parse ] --START--
INFO: [ template_filter ] --START--
INFO: Run Behavior\ContentReplaceBehavior [ RunTime:0.000000s ]
INFO: [ template_filter ] --END-- [ RunTime:0.000000s ]
INFO: Run Behavior\ParseTemplateBehavior [ RunTime:0.008001s ]
INFO: [ view_parse ] --END-- [ RunTime:0.009001s ]
INFO: [ view_filter ] --START--
INFO: Run Behavior\WriteHtmlCacheBehavior [ RunTime:0.000000s ]
INFO: [ view_filter ] --END-- [ RunTime:0.000000s ]
INFO: [ app_end ] --START--
INFO: Run Behavior\ShowPageTraceBehavior [ RunTime:0.000000s ]
INFO: [ app_end ] --END-- [ RunTime:0.001000s ]

[ 2017-09-01T10:23:42+08:00 ] 127.0.0.1 /GDDocument/framework/thinkphp/index.php/Home/Wx/login?code=071G2GAm0ff3jm1WwsCm0yinAm0G2GAD
INFO: [ app_init ] --START--
INFO: Run Behavior\BuildLiteBehavior [ RunTime:0.000000s ]
INFO: [ app_init ] --END-- [ RunTime:0.000000s ]
INFO: [ app_begin ] --START--
INFO: Run Behavior\ReadHtmlCacheBehavior [ RunTime:0.000000s ]
INFO: [ app_begin ] --END-- [ RunTime:0.000000s ]
NOTIC: [8] Undefined variable: appid D:\wamp\www\GDDocument\framework\thinkphp\Application\Home\Controller\WxController.class.php 第 14 行.
NOTIC: [8] Undefined variable: secret D:\wamp\www\GDDocument\framework\thinkphp\Application\Home\Controller\WxController.class.php 第 15 行.
INFO: [ view_parse ] --START--
INFO: [ template_filter ] --START--
INFO: Run Behavior\ContentReplaceBehavior [ RunTime:0.000000s ]
INFO: [ template_filter ] --END-- [ RunTime:0.001000s ]
INFO: Run Behavior\ParseTemplateBehavior [ RunTime:0.008001s ]
INFO: [ view_parse ] --END-- [ RunTime:0.008001s ]
INFO: [ view_filter ] --START--
INFO: Run Behavior\WriteHtmlCacheBehavior [ RunTime:0.000000s ]
INFO: [ view_filter ] --END-- [ RunTime:0.001000s ]
INFO: [ app_end ] --START--
INFO: Run Behavior\ShowPageTraceBehavior [ RunTime:0.001000s ]
INFO: [ app_end ] --END-- [ RunTime:0.001000s ]

[ 2017-09-01T10:23:43+08:00 ] 127.0.0.1 /GDDocument/framework/thinkphp/index.php/Home/Wx/login?code=071G2GAm0ff3jm1WwsCm0yinAm0G2GAD
INFO: [ app_init ] --START--
INFO: Run Behavior\BuildLiteBehavior [ RunTime:0.000000s ]
INFO: [ app_init ] --END-- [ RunTime:0.001000s ]
INFO: [ app_begin ] --START--
INFO: Run Behavior\ReadHtmlCacheBehavior [ RunTime:0.000000s ]
INFO: [ app_begin ] --END-- [ RunTime:0.001000s ]
NOTIC: [8] Undefined variable: appid D:\wamp\www\GDDocument\framework\thinkphp\Application\Home\Controller\WxController.class.php 第 14 行.
NOTIC: [8] Undefined variable: secret D:\wamp\www\GDDocument\framework\thinkphp\Application\Home\Controller\WxController.class.php 第 15 行.
INFO: [ view_parse ] --START--
INFO: [ template_filter ] --START--
INFO: Run Behavior\ContentReplaceBehavior [ RunTime:0.000000s ]
INFO: [ template_filter ] --END-- [ RunTime:0.000000s ]
INFO: Run Behavior\ParseTemplateBehavior [ RunTime:0.005001s ]
INFO: [ view_parse ] --END-- [ RunTime:0.005001s ]
INFO: [ view_filter ] --START--
INFO: Run Behavior\WriteHtmlCacheBehavior [ RunTime:0.000000s ]
INFO: [ view_filter ] --END-- [ RunTime:0.000000s ]
INFO: [ app_end ] --START--
INFO: Run Behavior\ShowPageTraceBehavior [ RunTime:0.001000s ]
INFO: [ app_end ] --END-- [ RunTime:0.001000s ]

[ 2017-09-01T10:23:44+08:00 ] 127.0.0.1 /GDDocument/framework/thinkphp/index.php/Home/Wx/login?code=071G2GAm0ff3jm1WwsCm0yinAm0G2GAD
INFO: [ app_init ] --START--
INFO: Run Behavior\BuildLiteBehavior [ RunTime:0.000000s ]
INFO: [ app_init ] --END-- [ RunTime:0.000000s ]
INFO: [ app_begin ] --START--
INFO: Run Behavior\ReadHtmlCacheBehavior [ RunTime:0.000000s ]
INFO: [ app_begin ] --END-- [ RunTime:0.001000s ]
NOTIC: [8] Undefined variable: appid D:\wamp\www\GDDocument\framework\thinkphp\Application\Home\Controller\WxController.class.php 第 14 行.
NOTIC: [8] Undefined variable: secret D:\wamp\www\GDDocument\framework\thinkphp\Application\Home\Controller\WxController.class.php 第 15 行.
INFO: [ view_parse ] --START--
INFO: [ template_filter ] --START--
INFO: Run Behavior\ContentReplaceBehavior [ RunTime:0.000000s ]
INFO: [ template_filter ] --END-- [ RunTime:0.001000s ]
INFO: Run Behavior\ParseTemplateBehavior [ RunTime:0.019001s ]
INFO: [ view_parse ] --END-- [ RunTime:0.019001s ]
INFO: [ view_filter ] --START--
INFO: Run Behavior\WriteHtmlCacheBehavior [ RunTime:0.001001s ]
INFO: [ view_filter ] --END-- [ RunTime:0.001001s ]
INFO: [ app_end ] --START--
INFO: Run Behavior\ShowPageTraceBehavior [ RunTime:0.001000s ]
INFO: [ app_end ] --END-- [ RunTime:0.001000s ]

[ 2017-09-01T10:23:46+08:00 ] 127.0.0.1 /GDDocument/framework/thinkphp/index.php/Home/Wx/login?code=071G2GAm0ff3jm1WwsCm0yinAm0G2GAD
INFO: [ app_init ] --START--
INFO: Run Behavior\BuildLiteBehavior [ RunTime:0.000000s ]
INFO: [ app_init ] --END-- [ RunTime:0.001000s ]
INFO: [ app_begin ] --START--
INFO: Run Behavior\ReadHtmlCacheBehavior [ RunTime:0.001000s ]
INFO: [ app_begin ] --END-- [ RunTime:0.001000s ]
NOTIC: [8] Undefined variable: appid D:\wamp\www\GDDocument\framework\thinkphp\Application\Home\Controller\WxController.class.php 第 14 行.
NOTIC: [8] Undefined variable: secret D:\wamp\www\GDDocument\framework\thinkphp\Application\Home\Controller\WxController.class.php 第 15 行.
INFO: [ view_parse ] --START--
INFO: [ template_filter ] --START--
INFO: Run Behavior\ContentReplaceBehavior [ RunTime:0.000000s ]
INFO: [ template_filter ] --END-- [ RunTime:0.000000s ]
INFO: Run Behavior\ParseTemplateBehavior [ RunTime:0.006000s ]
INFO: [ view_parse ] --END-- [ RunTime:0.006000s ]
INFO: [ view_filter ] --START--
INFO: Run Behavior\WriteHtmlCacheBehavior [ RunTime:0.000000s ]
INFO: [ view_filter ] --END-- [ RunTime:0.001001s ]
INFO: [ app_end ] --START--
INFO: Run Behavior\ShowPageTraceBehavior [ RunTime:0.000000s ]
INFO: [ app_end ] --END-- [ RunTime:0.000000s ]

[ 2017-09-01T10:23:47+08:00 ] 127.0.0.1 /GDDocument/framework/thinkphp/index.php/Home/Wx/login?code=071G2GAm0ff3jm1WwsCm0yinAm0G2GAD
INFO: [ app_init ] --START--
INFO: Run Behavior\BuildLiteBehavior [ RunTime:0.000000s ]
INFO: [ app_init ] --END-- [ RunTime:0.001000s ]
INFO: [ app_begin ] --START--
INFO: Run Behavior\ReadHtmlCacheBehavior [ RunTime:0.001001s ]
INFO: [ app_begin ] --END-- [ RunTime:0.001001s ]
NOTIC: [8] Undefined variable: appid D:\wamp\www\GDDocument\framework\thinkphp\Application\Home\Controller\WxController.class.php 第 14 行.
NOTIC: [8] Undefined variable: secret D:\wamp\www\GDDocument\framework\thinkphp\Application\Home\Controller\WxController.class.php 第 15 行.
INFO: [ view_parse ] --START--
INFO: [ template_filter ] --START--
INFO: Run Behavior\ContentReplaceBehavior [ RunTime:0.000000s ]
INFO: [ template_filter ] --END-- [ RunTime:0.001000s ]
INFO: Run Behavior\ParseTemplateBehavior [ RunTime:0.010000s ]
INFO: [ view_parse ] --END-- [ RunTime:0.010000s ]
INFO: [ view_filter ] --START--
INFO: Run Behavior\WriteHtmlCacheBehavior [ RunTime:0.000000s ]
INFO: [ view_filter ] --END-- [ RunTime:0.001000s ]
INFO: [ app_end ] --START--
INFO: Run Behavior\ShowPageTraceBehavior [ RunTime:0.000000s ]
INFO: [ app_end ] --END-- [ RunTime:0.001000s ]

[ 2017-09-01T10:23:48+08:00 ] 127.0.0.1 /GDDocument/framework/thinkphp/index.php/Home/Wx/login?code=071G2GAm0ff3jm1WwsCm0yinAm0G2GAD
INFO: [ app_init ] --START--
INFO: Run Behavior\BuildLiteBehavior [ RunTime:0.000000s ]
INFO: [ app_init ] --END-- [ RunTime:0.001000s ]
INFO: [ app_begin ] --START--
INFO: Run Behavior\ReadHtmlCacheBehavior [ RunTime:0.001000s ]
INFO: [ app_begin ] --END-- [ RunTime:0.001000s ]
NOTIC: [8] Undefined variable: appid D:\wamp\www\GDDocument\framework\thinkphp\Application\Home\Controller\WxController.class.php 第 14 行.
NOTIC: [8] Undefined variable: secret D:\wamp\www\GDDocument\framework\thinkphp\Application\Home\Controller\WxController.class.php 第 15 行.
INFO: [ view_parse ] --START--
INFO: [ template_filter ] --START--
INFO: Run Behavior\ContentReplaceBehavior [ RunTime:0.000000s ]
INFO: [ template_filter ] --END-- [ RunTime:0.001000s ]
INFO: Run Behavior\ParseTemplateBehavior [ RunTime:0.009001s ]
INFO: [ view_parse ] --END-- [ RunTime:0.010001s ]
INFO: [ view_filter ] --START--
INFO: Run Behavior\WriteHtmlCacheBehavior [ RunTime:0.000000s ]
INFO: [ view_filter ] --END-- [ RunTime:0.001000s ]
INFO: [ app_end ] --START--
INFO: Run Behavior\ShowPageTraceBehavior [ RunTime:0.001000s ]
INFO: [ app_end ] --END-- [ RunTime:0.001000s ]

[ 2017-09-01T10:23:49+08:00 ] 127.0.0.1 /GDDocument/framework/thinkphp/index.php/Home/Wx/login?code=071G2GAm0ff3jm1WwsCm0yinAm0G2GAD
INFO: [ app_init ] --START--
INFO: Run Behavior\BuildLiteBehavior [ RunTime:0.001000s ]
INFO: [ app_init ] --END-- [ RunTime:0.001000s ]
INFO: [ app_begin ] --START--
INFO: Run Behavior\ReadHtmlCacheBehavior [ RunTime:0.001000s ]
INFO: [ app_begin ] --END-- [ RunTime:0.001000s ]
NOTIC: [8] Undefined variable: appid D:\wamp\www\GDDocument\framework\thinkphp\Application\Home\Controller\WxController.class.php 第 14 行.
NOTIC: [8] Undefined variable: secret D:\wamp\www\GDDocument\framework\thinkphp\Application\Home\Controller\WxController.class.php 第 15 行.
INFO: [ view_parse ] --START--
INFO: [ template_filter ] --START--
INFO: Run Behavior\ContentReplaceBehavior [ RunTime:0.000000s ]
INFO: [ template_filter ] --END-- [ RunTime:0.000000s ]
INFO: Run Behavior\ParseTemplateBehavior [ RunTime:0.013001s ]
INFO: [ view_parse ] --END-- [ RunTime:0.013001s ]
INFO: [ view_filter ] --START--
INFO: Run Behavior\WriteHtmlCacheBehavior [ RunTime:0.001000s ]
INFO: [ view_filter ] --END-- [ RunTime:0.001000s ]
INFO: [ app_end ] --START--
INFO: Run Behavior\ShowPageTraceBehavior [ RunTime:0.000000s ]
INFO: [ app_end ] --END-- [ RunTime:0.000000s ]

[ 2017-09-01T10:23:50+08:00 ] 127.0.0.1 /GDDocument/framework/thinkphp/index.php/Home/Wx/login?code=071G2GAm0ff3jm1WwsCm0yinAm0G2GAD
INFO: [ app_init ] --START--
INFO: Run Behavior\BuildLiteBehavior [ RunTime:0.000000s ]
INFO: [ app_init ] --END-- [ RunTime:0.000000s ]
INFO: [ app_begin ] --START--
INFO: Run Behavior\ReadHtmlCacheBehavior [ RunTime:0.000000s ]
INFO: [ app_begin ] --END-- [ RunTime:0.001000s ]
NOTIC: [8] Undefined variable: appid D:\wamp\www\GDDocument\framework\thinkphp\Application\Home\Controller\WxController.class.php 第 14 行.
NOTIC: [8] Undefined variable: secret D:\wamp\www\GDDocument\framework\thinkphp\Application\Home\Controller\WxController.class.php 第 15 行.
INFO: [ view_parse ] --START--
INFO: [ template_filter ] --START--
INFO: Run Behavior\ContentReplaceBehavior [ RunTime:0.000000s ]
INFO: [ template_filter ] --END-- [ RunTime:0.000000s ]
INFO: Run Behavior\ParseTemplateBehavior [ RunTime:0.005000s ]
INFO: [ view_parse ] --END-- [ RunTime:0.005000s ]
INFO: [ view_filter ] --START--
INFO: Run Behavior\WriteHtmlCacheBehavior [ RunTime:0.000000s ]
INFO: [ view_filter ] --END-- [ RunTime:0.000000s ]
INFO: [ app_end ] --START--
INFO: Run Behavior\ShowPageTraceBehavior [ RunTime:0.000000s ]
INFO: [ app_end ] --END-- [ RunTime:0.001000s ]

[ 2017-09-01T10:23:51+08:00 ] 127.0.0.1 /GDDocument/framework/thinkphp/index.php/Home/Wx/login?code=071G2GAm0ff3jm1WwsCm0yinAm0G2GAD
INFO: [ app_init ] --START--
INFO: Run Behavior\BuildLiteBehavior [ RunTime:0.000000s ]
INFO: [ app_init ] --END-- [ RunTime:0.001000s ]
INFO: [ app_begin ] --START--
INFO: Run Behavior\ReadHtmlCacheBehavior [ RunTime:0.001000s ]
INFO: [ app_begin ] --END-- [ RunTime:0.001000s ]
NOTIC: [8] Undefined variable: appid D:\wamp\www\GDDocument\framework\thinkphp\Application\Home\Controller\WxController.class.php 第 14 行.
NOTIC: [8] Undefined variable: secret D:\wamp\www\GDDocument\framework\thinkphp\Application\Home\Controller\WxController.class.php 第 15 行.
INFO: [ view_parse ] --START--
INFO: [ template_filter ] --START--
INFO: Run Behavior\ContentReplaceBehavior [ RunTime:0.000000s ]
INFO: [ template_filter ] --END-- [ RunTime:0.000000s ]
INFO: Run Behavior\ParseTemplateBehavior [ RunTime:0.008000s ]
INFO: [ view_parse ] --END-- [ RunTime:0.008000s ]
INFO: [ view_filter ] --START--
INFO: Run Behavior\WriteHtmlCacheBehavior [ RunTime:0.000000s ]
INFO: [ view_filter ] --END-- [ RunTime:0.001000s ]
INFO: [ app_end ] --START--
INFO: Run Behavior\ShowPageTraceBehavior [ RunTime:0.001000s ]
INFO: [ app_end ] --END-- [ RunTime:0.001000s ]

[ 2017-09-01T10:23:53+08:00 ] 127.0.0.1 /GDDocument/framework/thinkphp/index.php/Home/Wx/login?code=071G2GAm0ff3jm1WwsCm0yinAm0G2GAD
INFO: [ app_init ] --START--
INFO: Run Behavior\BuildLiteBehavior [ RunTime:0.000000s ]
INFO: [ app_init ] --END-- [ RunTime:0.001000s ]
INFO: [ app_begin ] --START--
INFO: Run Behavior\ReadHtmlCacheBehavior [ RunTime:0.001000s ]
INFO: [ app_begin ] --END-- [ RunTime:0.001000s ]
NOTIC: [8] Undefined variable: appid D:\wamp\www\GDDocument\framework\thinkphp\Application\Home\Controller\WxController.class.php 第 14 行.
NOTIC: [8] Undefined variable: secret D:\wamp\www\GDDocument\framework\thinkphp\Application\Home\Controller\WxController.class.php 第 15 行.
INFO: [ view_parse ] --START--
INFO: [ template_filter ] --START--
INFO: Run Behavior\ContentReplaceBehavior [ RunTime:0.000000s ]
INFO: [ template_filter ] --END-- [ RunTime:0.000000s ]
INFO: Run Behavior\ParseTemplateBehavior [ RunTime:0.011001s ]
INFO: [ view_parse ] --END-- [ RunTime:0.011001s ]
INFO: [ view_filter ] --START--
INFO: Run Behavior\WriteHtmlCacheBehavior [ RunTime:0.000000s ]
INFO: [ view_filter ] --END-- [ RunTime:0.001000s ]
INFO: [ app_end ] --START--
INFO: Run Behavior\ShowPageTraceBehavior [ RunTime:0.000000s ]
INFO: [ app_end ] --END-- [ RunTime:0.001000s ]

[ 2017-09-01T10:23:54+08:00 ] 127.0.0.1 /GDDocument/framework/thinkphp/index.php/Home/Wx/login?code=071G2GAm0ff3jm1WwsCm0yinAm0G2GAD
INFO: [ app_init ] --START--
INFO: Run Behavior\BuildLiteBehavior [ RunTime:0.000000s ]
INFO: [ app_init ] --END-- [ RunTime:0.000000s ]
INFO: [ app_begin ] --START--
INFO: Run Behavior\ReadHtmlCacheBehavior [ RunTime:0.000000s ]
INFO: [ app_begin ] --END-- [ RunTime:0.001000s ]
NOTIC: [8] Undefined variable: appid D:\wamp\www\GDDocument\framework\thinkphp\Application\Home\Controller\WxController.class.php 第 14 行.
NOTIC: [8] Undefined variable: secret D:\wamp\www\GDDocument\framework\thinkphp\Application\Home\Controller\WxController.class.php 第 15 行.
INFO: [ view_parse ] --START--
INFO: [ template_filter ] --START--
INFO: Run Behavior\ContentReplaceBehavior [ RunTime:0.001000s ]
INFO: [ template_filter ] --END-- [ RunTime:0.001000s ]
INFO: Run Behavior\ParseTemplateBehavior [ RunTime:0.015000s ]
INFO: [ view_parse ] --END-- [ RunTime:0.015000s ]
INFO: [ view_filter ] --START--
INFO: Run Behavior\WriteHtmlCacheBehavior [ RunTime:0.000000s ]
INFO: [ view_filter ] --END-- [ RunTime:0.001001s ]
INFO: [ app_end ] --START--
INFO: Run Behavior\ShowPageTraceBehavior [ RunTime:0.001000s ]
INFO: [ app_end ] --END-- [ RunTime:0.002000s ]

[ 2017-09-01T10:23:55+08:00 ] 127.0.0.1 /GDDocument/framework/thinkphp/index.php/Home/Wx/login?code=071G2GAm0ff3jm1WwsCm0yinAm0G2GAD
INFO: [ app_init ] --START--
INFO: Run Behavior\BuildLiteBehavior [ RunTime:0.000000s ]
INFO: [ app_init ] --END-- [ RunTime:0.000000s ]
INFO: [ app_begin ] --START--
INFO: Run Behavior\ReadHtmlCacheBehavior [ RunTime:0.001000s ]
INFO: [ app_begin ] --END-- [ RunTime:0.001000s ]
NOTIC: [8] Undefined variable: appid D:\wamp\www\GDDocument\framework\thinkphp\Application\Home\Controller\WxController.class.php 第 14 行.
NOTIC: [8] Undefined variable: secret D:\wamp\www\GDDocument\framework\thinkphp\Application\Home\Controller\WxController.class.php 第 15 行.
INFO: [ view_parse ] --START--
INFO: [ template_filter ] --START--
INFO: Run Behavior\ContentReplaceBehavior [ RunTime:0.000000s ]
INFO: [ template_filter ] --END-- [ RunTime:0.000000s ]
INFO: Run Behavior\ParseTemplateBehavior [ RunTime:0.005000s ]
INFO: [ view_parse ] --END-- [ RunTime:0.006001s ]
INFO: [ view_filter ] --START--
INFO: Run Behavior\WriteHtmlCacheBehavior [ RunTime:0.001000s ]
INFO: [ view_filter ] --END-- [ RunTime:0.001000s ]
INFO: [ app_end ] --START--
INFO: Run Behavior\ShowPageTraceBehavior [ RunTime:0.001000s ]
INFO: [ app_end ] --END-- [ RunTime:0.002000s ]

[ 2017-09-01T10:23:55+08:00 ] 127.0.0.1 /GDDocument/framework/thinkphp/index.php/Home/Wx/login?code=071G2GAm0ff3jm1WwsCm0yinAm0G2GAD
INFO: [ app_init ] --START--
INFO: Run Behavior\BuildLiteBehavior [ RunTime:0.000000s ]
INFO: [ app_init ] --END-- [ RunTime:0.000000s ]
INFO: [ app_begin ] --START--
INFO: Run Behavior\ReadHtmlCacheBehavior [ RunTime:0.000000s ]
INFO: [ app_begin ] --END-- [ RunTime:0.000000s ]
NOTIC: [8] Undefined variable: appid D:\wamp\www\GDDocument\framework\thinkphp\Application\Home\Controller\WxController.class.php 第 14 行.
NOTIC: [8] Undefined variable: secret D:\wamp\www\GDDocument\framework\thinkphp\Application\Home\Controller\WxController.class.php 第 15 行.
INFO: [ view_parse ] --START--
INFO: [ template_filter ] --START--
INFO: Run Behavior\ContentReplaceBehavior [ RunTime:0.000000s ]
INFO: [ template_filter ] --END-- [ RunTime:0.001000s ]
INFO: Run Behavior\ParseTemplateBehavior [ RunTime:0.007000s ]
INFO: [ view_parse ] --END-- [ RunTime:0.007000s ]
INFO: [ view_filter ] --START--
INFO: Run Behavior\WriteHtmlCacheBehavior [ RunTime:0.001000s ]
INFO: [ view_filter ] --END-- [ RunTime:0.001000s ]
INFO: [ app_end ] --START--
INFO: Run Behavior\ShowPageTraceBehavior [ RunTime:0.000000s ]
INFO: [ app_end ] --END-- [ RunTime:0.001000s ]

[ 2017-09-01T10:23:56+08:00 ] 127.0.0.1 /GDDocument/framework/thinkphp/index.php/Home/Wx/login?code=071G2GAm0ff3jm1WwsCm0yinAm0G2GAD
INFO: [ app_init ] --START--
INFO: Run Behavior\BuildLiteBehavior [ RunTime:0.000000s ]
INFO: [ app_init ] --END-- [ RunTime:0.000000s ]
INFO: [ app_begin ] --START--
INFO: Run Behavior\ReadHtmlCacheBehavior [ RunTime:0.001001s ]
INFO: [ app_begin ] --END-- [ RunTime:0.001001s ]
NOTIC: [8] Undefined variable: appid D:\wamp\www\GDDocument\framework\thinkphp\Application\Home\Controller\WxController.class.php 第 14 行.
NOTIC: [8] Undefined variable: secret D:\wamp\www\GDDocument\framework\thinkphp\Application\Home\Controller\WxController.class.php 第 15 行.
INFO: [ view_parse ] --START--
INFO: [ template_filter ] --START--
INFO: Run Behavior\ContentReplaceBehavior [ RunTime:0.000000s ]
INFO: [ template_filter ] --END-- [ RunTime:0.000000s ]
INFO: Run Behavior\ParseTemplateBehavior [ RunTime:0.010001s ]
INFO: [ view_parse ] --END-- [ RunTime:0.010001s ]
INFO: [ view_filter ] --START--
INFO: Run Behavior\WriteHtmlCacheBehavior [ RunTime:0.000000s ]
INFO: [ view_filter ] --END-- [ RunTime:0.000000s ]
INFO: [ app_end ] --START--
INFO: Run Behavior\ShowPageTraceBehavior [ RunTime:0.000000s ]
INFO: [ app_end ] --END-- [ RunTime:0.001000s ]

[ 2017-09-01T10:23:57+08:00 ] 127.0.0.1 /GDDocument/framework/thinkphp/index.php/Home/Wx/login?code=071G2GAm0ff3jm1WwsCm0yinAm0G2GAD
INFO: [ app_init ] --START--
INFO: Run Behavior\BuildLiteBehavior [ RunTime:0.000000s ]
INFO: [ app_init ] --END-- [ RunTime:0.001000s ]
INFO: [ app_begin ] --START--
INFO: Run Behavior\ReadHtmlCacheBehavior [ RunTime:0.001000s ]
INFO: [ app_begin ] --END-- [ RunTime:0.001000s ]
NOTIC: [8] Undefined variable: appid D:\wamp\www\GDDocument\framework\thinkphp\Application\Home\Controller\WxController.class.php 第 14 行.
NOTIC: [8] Undefined variable: secret D:\wamp\www\GDDocument\framework\thinkphp\Application\Home\Controller\WxController.class.php 第 15 行.
INFO: [ view_parse ] --START--
INFO: [ template_filter ] --START--
INFO: Run Behavior\ContentReplaceBehavior [ RunTime:0.000000s ]
INFO: [ template_filter ] --END-- [ RunTime:0.001000s ]
INFO: Run Behavior\ParseTemplateBehavior [ RunTime:0.010000s ]
INFO: [ view_parse ] --END-- [ RunTime:0.010000s ]
INFO: [ view_filter ] --START--
INFO: Run Behavior\WriteHtmlCacheBehavior [ RunTime:0.001001s ]
INFO: [ view_filter ] --END-- [ RunTime:0.001001s ]
INFO: [ app_end ] --START--
INFO: Run Behavior\ShowPageTraceBehavior [ RunTime:0.000000s ]
INFO: [ app_end ] --END-- [ RunTime:0.000000s ]

[ 2017-09-01T10:23:58+08:00 ] 127.0.0.1 /GDDocument/framework/thinkphp/index.php/Home/Wx/login?code=071G2GAm0ff3jm1WwsCm0yinAm0G2GAD
INFO: [ app_init ] --START--
INFO: Run Behavior\BuildLiteBehavior [ RunTime:0.000000s ]
INFO: [ app_init ] --END-- [ RunTime:0.000000s ]
INFO: [ app_begin ] --START--
INFO: Run Behavior\ReadHtmlCacheBehavior [ RunTime:0.000000s ]
INFO: [ app_begin ] --END-- [ RunTime:0.000000s ]
NOTIC: [8] Undefined variable: appid D:\wamp\www\GDDocument\framework\thinkphp\Application\Home\Controller\WxController.class.php 第 14 行.
NOTIC: [8] Undefined variable: secret D:\wamp\www\GDDocument\framework\thinkphp\Application\Home\Controller\WxController.class.php 第 15 行.
INFO: [ view_parse ] --START--
INFO: [ template_filter ] --START--
INFO: Run Behavior\ContentReplaceBehavior [ RunTime:0.000000s ]
INFO: [ template_filter ] --END-- [ RunTime:0.000000s ]
INFO: Run Behavior\ParseTemplateBehavior [ RunTime:0.007000s ]
INFO: [ view_parse ] --END-- [ RunTime:0.007000s ]
INFO: [ view_filter ] --START--
INFO: Run Behavior\WriteHtmlCacheBehavior [ RunTime:0.000000s ]
INFO: [ view_filter ] --END-- [ RunTime:0.000000s ]
INFO: [ app_end ] --START--
INFO: Run Behavior\ShowPageTraceBehavior [ RunTime:0.001000s ]
INFO: [ app_end ] --END-- [ RunTime:0.001000s ]

[ 2017-09-01T10:24:00+08:00 ] 127.0.0.1 /GDDocument/framework/thinkphp/index.php/Home/Wx/login?code=071G2GAm0ff3jm1WwsCm0yinAm0G2GAD
INFO: [ app_init ] --START--
INFO: Run Behavior\BuildLiteBehavior [ RunTime:0.000000s ]
INFO: [ app_init ] --END-- [ RunTime:0.001000s ]
INFO: [ app_begin ] --START--
INFO: Run Behavior\ReadHtmlCacheBehavior [ RunTime:0.001001s ]
INFO: [ app_begin ] --END-- [ RunTime:0.001001s ]
NOTIC: [8] Undefined variable: appid D:\wamp\www\GDDocument\framework\thinkphp\Application\Home\Controller\WxController.class.php 第 14 行.
NOTIC: [8] Undefined variable: secret D:\wamp\www\GDDocument\framework\thinkphp\Application\Home\Controller\WxController.class.php 第 15 行.
INFO: [ view_parse ] --START--
INFO: [ template_filter ] --START--
INFO: Run Behavior\ContentReplaceBehavior [ RunTime:0.000000s ]
INFO: [ template_filter ] --END-- [ RunTime:0.000000s ]
INFO: Run Behavior\ParseTemplateBehavior [ RunTime:0.004000s ]
INFO: [ view_parse ] --END-- [ RunTime:0.004000s ]
INFO: [ view_filter ] --START--
INFO: Run Behavior\WriteHtmlCacheBehavior [ RunTime:0.001000s ]
INFO: [ view_filter ] --END-- [ RunTime:0.001000s ]
INFO: [ app_end ] --START--
INFO: Run Behavior\ShowPageTraceBehavior [ RunTime:0.000000s ]
INFO: [ app_end ] --END-- [ RunTime:0.000000s ]

[ 2017-09-01T10:31:24+08:00 ] 127.0.0.1 /GDDocument/framework/thinkphp/index.php/Home/Wx/login?code=071G2GAm0ff3jm1WwsCm0yinAm0G2GAD
INFO: [ app_init ] --START--
INFO: Run Behavior\BuildLiteBehavior [ RunTime:0.000000s ]
INFO: [ app_init ] --END-- [ RunTime:0.000000s ]
INFO: [ app_begin ] --START--
INFO: Run Behavior\ReadHtmlCacheBehavior [ RunTime:0.000000s ]
INFO: [ app_begin ] --END-- [ RunTime:0.000000s ]
NOTIC: [8] Undefined variable: appid D:\wamp\www\GDDocument\framework\thinkphp\Application\Home\Controller\WxController.class.php 第 14 行.
NOTIC: [8] Undefined variable: secret D:\wamp\www\GDDocument\framework\thinkphp\Application\Home\Controller\WxController.class.php 第 15 行.

[ 2017-09-01T10:32:26+08:00 ] 127.0.0.1 /GDDocument/framework/thinkphp/index.php/Home/Wx/login?code=071G2GAm0ff3jm1WwsCm0yinAm0G2GAD
INFO: [ app_init ] --START--
INFO: Run Behavior\BuildLiteBehavior [ RunTime:0.000000s ]
INFO: [ app_init ] --END-- [ RunTime:0.001000s ]
INFO: [ app_begin ] --START--
INFO: Run Behavior\ReadHtmlCacheBehavior [ RunTime:0.000000s ]
INFO: [ app_begin ] --END-- [ RunTime:0.001000s ]
NOTIC: [8] Undefined variable: appid D:\wamp\www\GDDocument\framework\thinkphp\Application\Home\Controller\WxController.class.php 第 14 行.
NOTIC: [8] Undefined variable: secret D:\wamp\www\GDDocument\framework\thinkphp\Application\Home\Controller\WxController.class.php 第 15 行.

[ 2017-09-01T10:34:42+08:00 ] 192.168.0.116 /GDDocument/framework/thinkphp/index.php/Home/Wx/login?code=071G2GAm0ff3jm1WwsCm0yinAm0G2GAD
INFO: [ app_init ] --START--
INFO: Run Behavior\BuildLiteBehavior [ RunTime:0.000000s ]
INFO: [ app_init ] --END-- [ RunTime:0.000000s ]
INFO: [ app_begin ] --START--
INFO: Run Behavior\ReadHtmlCacheBehavior [ RunTime:0.001000s ]
INFO: [ app_begin ] --END-- [ RunTime:0.001000s ]
NOTIC: [8] Undefined variable: appid D:\wamp\www\GDDocument\framework\thinkphp\Application\Home\Controller\WxController.class.php 第 14 行.
NOTIC: [8] Undefined variable: secret D:\wamp\www\GDDocument\framework\thinkphp\Application\Home\Controller\WxController.class.php 第 15 行.

[ 2017-09-01T10:34:42+08:00 ] 192.168.0.116 /GDDocument/framework/thinkphp/index.php/Home/Wx/login?code=071G2GAm0ff3jm1WwsCm0yinAm0G2GAD
INFO: [ app_init ] --START--
INFO: Run Behavior\BuildLiteBehavior [ RunTime:0.000000s ]
INFO: [ app_init ] --END-- [ RunTime:0.001000s ]
INFO: [ app_begin ] --START--
INFO: Run Behavior\ReadHtmlCacheBehavior [ RunTime:0.000000s ]
INFO: [ app_begin ] --END-- [ RunTime:0.001000s ]
NOTIC: [8] Undefined variable: appid D:\wamp\www\GDDocument\framework\thinkphp\Application\Home\Controller\WxController.class.php 第 14 行.
NOTIC: [8] Undefined variable: secret D:\wamp\www\GDDocument\framework\thinkphp\Application\Home\Controller\WxController.class.php 第 15 行.

[ 2017-09-01T10:34:53+08:00 ] 192.168.0.116 /GDDocument/framework/thinkphp/index.php/Home/Wx/login.html?code=071G2GAm0ff3jm1WwsCm0yinAm0G2GAD
INFO: [ app_init ] --START--
INFO: Run Behavior\BuildLiteBehavior [ RunTime:0.000000s ]
INFO: [ app_init ] --END-- [ RunTime:0.001000s ]
INFO: [ app_begin ] --START--
INFO: Run Behavior\ReadHtmlCacheBehavior [ RunTime:0.000000s ]
INFO: [ app_begin ] --END-- [ RunTime:0.000000s ]
NOTIC: [8] Undefined variable: appid D:\wamp\www\GDDocument\framework\thinkphp\Application\Home\Controller\WxController.class.php 第 14 行.
NOTIC: [8] Undefined variable: secret D:\wamp\www\GDDocument\framework\thinkphp\Application\Home\Controller\WxController.class.php 第 15 行.

[ 2017-09-01T10:34:53+08:00 ] 192.168.0.116 /GDDocument/framework/thinkphp/index.php/Home/Wx/login.html?code=071G2GAm0ff3jm1WwsCm0yinAm0G2GAD
INFO: [ app_init ] --START--
INFO: Run Behavior\BuildLiteBehavior [ RunTime:0.000000s ]
INFO: [ app_init ] --END-- [ RunTime:0.001000s ]
INFO: [ app_begin ] --START--
INFO: Run Behavior\ReadHtmlCacheBehavior [ RunTime:0.000000s ]
INFO: [ app_begin ] --END-- [ RunTime:0.001000s ]
NOTIC: [8] Undefined variable: appid D:\wamp\www\GDDocument\framework\thinkphp\Application\Home\Controller\WxController.class.php 第 14 行.
NOTIC: [8] Undefined variable: secret D:\wamp\www\GDDocument\framework\thinkphp\Application\Home\Controller\WxController.class.php 第 15 行.

[ 2017-09-01T10:34:59+08:00 ] 192.168.0.116 /GDDocument/framework/thinkphp/index.php/Home/Wx/login?code=071G2GAm0ff3jm1WwsCm0yinAm0G2GAD
INFO: [ app_init ] --START--
INFO: Run Behavior\BuildLiteBehavior [ RunTime:0.000000s ]
INFO: [ app_init ] --END-- [ RunTime:0.000000s ]
INFO: [ app_begin ] --START--
INFO: Run Behavior\ReadHtmlCacheBehavior [ RunTime:0.001000s ]
INFO: [ app_begin ] --END-- [ RunTime:0.001000s ]
NOTIC: [8] Undefined variable: appid D:\wamp\www\GDDocument\framework\thinkphp\Application\Home\Controller\WxController.class.php 第 14 行.
NOTIC: [8] Undefined variable: secret D:\wamp\www\GDDocument\framework\thinkphp\Application\Home\Controller\WxController.class.php 第 15 行.

[ 2017-09-01T10:34:59+08:00 ] 192.168.0.116 /GDDocument/framework/thinkphp/index.php/Home/Wx/login?code=071G2GAm0ff3jm1WwsCm0yinAm0G2GAD
INFO: [ app_init ] --START--
INFO: Run Behavior\BuildLiteBehavior [ RunTime:0.000000s ]
INFO: [ app_init ] --END-- [ RunTime:0.001000s ]
INFO: [ app_begin ] --START--
INFO: Run Behavior\ReadHtmlCacheBehavior [ RunTime:0.001000s ]
INFO: [ app_begin ] --END-- [ RunTime:0.001000s ]
NOTIC: [8] Undefined variable: appid D:\wamp\www\GDDocument\framework\thinkphp\Application\Home\Controller\WxController.class.php 第 14 行.
NOTIC: [8] Undefined variable: secret D:\wamp\www\GDDocument\framework\thinkphp\Application\Home\Controller\WxController.class.php 第 15 行.

[ 2017-09-01T10:35:10+08:00 ] 192.168.0.116 /GDDocument/framework/thinkphp/index.php/Home/Wx/login?code=071G2GAm0ff3jm1WwsCm0yinAm0G2GAD
INFO: [ app_init ] --START--
INFO: Run Behavior\BuildLiteBehavior [ RunTime:0.000000s ]
INFO: [ app_init ] --END-- [ RunTime:0.001000s ]
INFO: [ app_begin ] --START--
INFO: Run Behavior\ReadHtmlCacheBehavior [ RunTime:0.000000s ]
INFO: [ app_begin ] --END-- [ RunTime:0.000000s ]
NOTIC: [8] Undefined variable: appid D:\wamp\www\GDDocument\framework\thinkphp\Application\Home\Controller\WxController.class.php 第 14 行.
NOTIC: [8] Undefined variable: secret D:\wamp\www\GDDocument\framework\thinkphp\Application\Home\Controller\WxController.class.php 第 15 行.

[ 2017-09-01T10:35:10+08:00 ] 192.168.0.116 /GDDocument/framework/thinkphp/index.php/Home/Wx/login?code=071G2GAm0ff3jm1WwsCm0yinAm0G2GAD
INFO: [ app_init ] --START--
INFO: Run Behavior\BuildLiteBehavior [ RunTime:0.000000s ]
INFO: [ app_init ] --END-- [ RunTime:0.001000s ]
INFO: [ app_begin ] --START--
INFO: Run Behavior\ReadHtmlCacheBehavior [ RunTime:0.000000s ]
INFO: [ app_begin ] --END-- [ RunTime:0.001000s ]
NOTIC: [8] Undefined variable: appid D:\wamp\www\GDDocument\framework\thinkphp\Application\Home\Controller\WxController.class.php 第 14 行.
NOTIC: [8] Undefined variable: secret D:\wamp\www\GDDocument\framework\thinkphp\Application\Home\Controller\WxController.class.php 第 15 行.

[ 2017-09-01T10:35:42+08:00 ] 192.168.0.116 /GDDocument/framework/thinkphp/index.php/Home/Wx/login.html?code=071G2GAm0ff3jm1WwsCm0yinAm0G2GAD
INFO: [ app_init ] --START--
INFO: Run Behavior\BuildLiteBehavior [ RunTime:0.000000s ]
INFO: [ app_init ] --END-- [ RunTime:0.000000s ]
INFO: [ app_begin ] --START--
INFO: Run Behavior\ReadHtmlCacheBehavior [ RunTime:0.000000s ]
INFO: [ app_begin ] --END-- [ RunTime:0.000000s ]
NOTIC: [8] Undefined variable: appid D:\wamp\www\GDDocument\framework\thinkphp\Application\Home\Controller\WxController.class.php 第 14 行.
NOTIC: [8] Undefined variable: secret D:\wamp\www\GDDocument\framework\thinkphp\Application\Home\Controller\WxController.class.php 第 15 行.

[ 2017-09-01T10:36:59+08:00 ] 192.168.0.113 /GDDocument/framework/thinkphp/index.php/Home/Wx/login.html?code=071G2GAm0ff3jm1WwsCm0yinAm0G2GAD
INFO: [ app_init ] --START--
INFO: Run Behavior\BuildLiteBehavior [ RunTime:0.000000s ]
INFO: [ app_init ] --END-- [ RunTime:0.000000s ]
INFO: [ app_begin ] --START--
INFO: Run Behavior\ReadHtmlCacheBehavior [ RunTime:0.000000s ]
INFO: [ app_begin ] --END-- [ RunTime:0.001000s ]
NOTIC: [8] Undefined variable: appid D:\wamp\www\GDDocument\framework\thinkphp\Application\Home\Controller\WxController.class.php 第 14 行.
NOTIC: [8] Undefined variable: secret D:\wamp\www\GDDocument\framework\thinkphp\Application\Home\Controller\WxController.class.php 第 15 行.

[ 2017-09-01T10:40:20+08:00 ] 192.168.0.116 /GDDocument/framework/thinkphp/index.php/Home/Wx/login.html?code=071G2GAm0ff3jm1WwsCm0yinAm0G2GAD
INFO: [ app_init ] --START--
INFO: Run Behavior\BuildLiteBehavior [ RunTime:0.000000s ]
INFO: [ app_init ] --END-- [ RunTime:0.000000s ]
INFO: [ app_begin ] --START--
INFO: Run Behavior\ReadHtmlCacheBehavior [ RunTime:0.001000s ]
INFO: [ app_begin ] --END-- [ RunTime:0.001000s ]
NOTIC: [8] Undefined variable: appid D:\wamp\www\GDDocument\framework\thinkphp\Application\Home\Controller\WxController.class.php 第 14 行.
NOTIC: [8] Undefined variable: secret D:\wamp\www\GDDocument\framework\thinkphp\Application\Home\Controller\WxController.class.php 第 15 行.

[ 2017-09-01T10:40:23+08:00 ] 192.168.0.116 /GDDocument/framework/thinkphp/index.php/Home/Wx/login.html?code=071G2GAm0ff3jm1WwsCm0yinAm0G2GAD
INFO: [ app_init ] --START--
INFO: Run Behavior\BuildLiteBehavior [ RunTime:0.000000s ]
INFO: [ app_init ] --END-- [ RunTime:0.001000s ]
INFO: [ app_begin ] --START--
INFO: Run Behavior\ReadHtmlCacheBehavior [ RunTime:0.000000s ]
INFO: [ app_begin ] --END-- [ RunTime:0.000000s ]
NOTIC: [8] Undefined variable: appid D:\wamp\www\GDDocument\framework\thinkphp\Application\Home\Controller\WxController.class.php 第 14 行.
NOTIC: [8] Undefined variable: secret D:\wamp\www\GDDocument\framework\thinkphp\Application\Home\Controller\WxController.class.php 第 15 行.

[ 2017-09-01T10:59:27+08:00 ] 192.168.0.113 /GDDocument/framework/thinkphp/index.php
INFO: [ app_init ] --START--
INFO: Run Behavior\BuildLiteBehavior [ RunTime:0.000000s ]
INFO: [ app_init ] --END-- [ RunTime:0.001000s ]
INFO: [ app_begin ] --START--
INFO: Run Behavior\ReadHtmlCacheBehavior [ RunTime:0.000000s ]
INFO: [ app_begin ] --END-- [ RunTime:0.001000s ]
INFO: [ view_parse ] --START--
INFO: Run Behavior\ParseTemplateBehavior [ RunTime:0.001000s ]
INFO: [ view_parse ] --END-- [ RunTime:0.001000s ]
INFO: [ view_filter ] --START--
INFO: Run Behavior\WriteHtmlCacheBehavior [ RunTime:0.001000s ]
INFO: [ view_filter ] --END-- [ RunTime:0.001000s ]
INFO: [ app_end ] --START--
INFO: Run Behavior\ShowPageTraceBehavior [ RunTime:0.001000s ]
INFO: [ app_end ] --END-- [ RunTime:0.001000s ]

[ 2017-09-01T10:59:48+08:00 ] 192.168.0.113 /GDDocument/framework/thinkphp/index.php/Home/Wx/login.html
INFO: [ app_init ] --START--
INFO: Run Behavior\BuildLiteBehavior [ RunTime:0.000000s ]
INFO: [ app_init ] --END-- [ RunTime:0.000000s ]
INFO: [ app_begin ] --START--
INFO: Run Behavior\ReadHtmlCacheBehavior [ RunTime:0.001000s ]
INFO: [ app_begin ] --END-- [ RunTime:0.001000s ]

[ 2017-09-01T11:28:13+08:00 ] 192.168.0.116 /GDDocument/framework/thinkphp/index.php
INFO: [ app_init ] --START--
INFO: Run Behavior\BuildLiteBehavior [ RunTime:0.000000s ]
INFO: [ app_init ] --END-- [ RunTime:0.001000s ]
INFO: [ app_begin ] --START--
INFO: Run Behavior\ReadHtmlCacheBehavior [ RunTime:0.000000s ]
INFO: [ app_begin ] --END-- [ RunTime:0.001000s ]
INFO: [ view_parse ] --START--
INFO: Run Behavior\ParseTemplateBehavior [ RunTime:0.000000s ]
INFO: [ view_parse ] --END-- [ RunTime:0.000000s ]
INFO: [ view_filter ] --START--
INFO: Run Behavior\WriteHtmlCacheBehavior [ RunTime:0.000000s ]
INFO: [ view_filter ] --END-- [ RunTime:0.000000s ]
INFO: [ app_end ] --START--
INFO: Run Behavior\ShowPageTraceBehavior [ RunTime:0.000000s ]
INFO: [ app_end ] --END-- [ RunTime:0.000000s ]

[ 2017-09-01T15:15:08+08:00 ] 192.168.0.166 /GDDocument/framework/thinkphp/index.php/Home/Wx/login.html?code=071G2GAm0ff3jm1WwsCm0yinAm0G2GAD
INFO: [ app_init ] --START--
INFO: Run Behavior\BuildLiteBehavior [ RunTime:0.000000s ]
INFO: [ app_init ] --END-- [ RunTime:0.001000s ]
INFO: [ app_begin ] --START--
INFO: Run Behavior\ReadHtmlCacheBehavior [ RunTime:0.001000s ]
INFO: [ app_begin ] --END-- [ RunTime:0.001000s ]

[ 2017-09-01T16:12:49+08:00 ] 192.168.0.116 /GDDocument/framework/thinkphp/index.php/Home/Wx/login.html?code=071G2GAm0ff3jm1WwsCm0yinAm0G2GAD
INFO: [ app_init ] --START--
INFO: Run Behavior\BuildLiteBehavior [ RunTime:0.000000s ]
INFO: [ app_init ] --END-- [ RunTime:0.000000s ]
INFO: [ app_begin ] --START--
INFO: Run Behavior\ReadHtmlCacheBehavior [ RunTime:0.001000s ]
INFO: [ app_begin ] --END-- [ RunTime:0.001000s ]

[ 2017-09-01T16:13:01+08:00 ] 192.168.0.116 /GDDocument/framework/thinkphp/index.php/Home/Wx/login.html?code=071G2GAm0ff3jm1WwsCm0yinAm0G2GAD
INFO: [ app_init ] --START--
INFO: Run Behavior\BuildLiteBehavior [ RunTime:0.000000s ]
INFO: [ app_init ] --END-- [ RunTime:0.001000s ]
INFO: [ app_begin ] --START--
INFO: Run Behavior\ReadHtmlCacheBehavior [ RunTime:0.000000s ]
INFO: [ app_begin ] --END-- [ RunTime:0.002000s ]

[ 2017-09-01T16:13:14+08:00 ] 192.168.0.116 /GDDocument/framework/thinkphp/index.php/Home/Wx/login.html?code=071G2GAm0ff3jm1WwsCm0yinAm0G2GAD
INFO: [ app_init ] --START--
INFO: Run Behavior\BuildLiteBehavior [ RunTime:0.000000s ]
INFO: [ app_init ] --END-- [ RunTime:0.000000s ]
INFO: [ app_begin ] --START--
INFO: Run Behavior\ReadHtmlCacheBehavior [ RunTime:0.001000s ]
INFO: [ app_begin ] --END-- [ RunTime:0.001000s ]
NOTIC: [8] Undefined variable: appid D:\wamp\www\GDDocument\framework\thinkphp\Application\Home\Controller\WxController.class.php 第 14 行.
NOTIC: [8] Undefined variable: secret D:\wamp\www\GDDocument\framework\thinkphp\Application\Home\Controller\WxController.class.php 第 15 行.

[ 2017-09-01T16:52:42+08:00 ] 192.168.0.116 /GDDocument/framework/thinkphp/index.php/Home/Wx/dummyInfo.html
INFO: [ app_init ] --START--
INFO: Run Behavior\BuildLiteBehavior [ RunTime:0.000000s ]
INFO: [ app_init ] --END-- [ RunTime:0.001000s ]
INFO: [ app_begin ] --START--
INFO: Run Behavior\ReadHtmlCacheBehavior [ RunTime:0.001000s ]
INFO: [ app_begin ] --END-- [ RunTime:0.001000s ]

[ 2017-09-01T16:55:06+08:00 ] 192.168.0.116 /GDDocument/framework/thinkphp/index.php/Home/Wx/dummyInfo.html
INFO: [ app_init ] --START--
INFO: Run Behavior\BuildLiteBehavior [ RunTime:0.000000s ]
INFO: [ app_init ] --END-- [ RunTime:0.001000s ]
INFO: [ app_begin ] --START--
INFO: Run Behavior\ReadHtmlCacheBehavior [ RunTime:0.001000s ]
INFO: [ app_begin ] --END-- [ RunTime:0.001000s ]

[ 2017-09-01T16:56:45+08:00 ] 192.168.0.116 /GDDocument/framework/thinkphp/index.php/Home/Wx/addToCart.html?key=156b9tf0km5orolfmbjltdekt7
INFO: [ app_init ] --START--
INFO: Run Behavior\BuildLiteBehavior [ RunTime:0.000000s ]
INFO: [ app_init ] --END-- [ RunTime:0.001000s ]
INFO: [ app_begin ] --START--
INFO: Run Behavior\ReadHtmlCacheBehavior [ RunTime:0.001000s ]
INFO: [ app_begin ] --END-- [ RunTime:0.001000s ]
NOTIC: [8] A session had already been started - ignoring session_start() D:\wamp\www\GDDocument\framework\thinkphp\Application\Home\Controller\WxController.class.php 第 69 行.
INFO: [ app_end ] --START--
INFO: Run Behavior\ShowPageTraceBehavior [ RunTime:0.000000s ]
INFO: [ app_end ] --END-- [ RunTime:0.000000s ]

[ 2017-09-01T16:56:45+08:00 ] 192.168.0.116 /GDDocument/framework/thinkphp/index.php/Home/Wx/addToCart.html?key=156b9tf0km5orolfmbjltdekt7
INFO: [ app_init ] --START--
INFO: Run Behavior\BuildLiteBehavior [ RunTime:0.000000s ]
INFO: [ app_init ] --END-- [ RunTime:0.000000s ]
INFO: [ app_begin ] --START--
INFO: Run Behavior\ReadHtmlCacheBehavior [ RunTime:0.001000s ]
INFO: [ app_begin ] --END-- [ RunTime:0.001000s ]
NOTIC: [8] A session had already been started - ignoring session_start() D:\wamp\www\GDDocument\framework\thinkphp\Application\Home\Controller\WxController.class.php 第 69 行.
INFO: [ app_end ] --START--
INFO: Run Behavior\ShowPageTraceBehavior [ RunTime:0.000000s ]
INFO: [ app_end ] --END-- [ RunTime:0.000000s ]

[ 2017-09-01T16:57:45+08:00 ] 192.168.0.116 /GDDocument/framework/thinkphp/index.php/Home/Wx/addToCart.html?key=156b9tf0km5orolfmbjltdekt7
INFO: [ app_init ] --START--
INFO: Run Behavior\BuildLiteBehavior [ RunTime:0.000000s ]
INFO: [ app_init ] --END-- [ RunTime:0.000000s ]
INFO: [ app_begin ] --START--
INFO: Run Behavior\ReadHtmlCacheBehavior [ RunTime:0.001001s ]
INFO: [ app_begin ] --END-- [ RunTime:0.001001s ]
NOTIC: [8] A session had already been started - ignoring session_start() D:\wamp\www\GDDocument\framework\thinkphp\Application\Home\Controller\WxController.class.php 第 70 行.

[ 2017-09-01T17:00:48+08:00 ] 192.168.0.116 /GDDocument/framework/thinkphp/index.php/Home/Wx/addToCart.html?key=156b9tf0km5orolfmbjltdekt7
INFO: [ app_init ] --START--
INFO: Run Behavior\BuildLiteBehavior [ RunTime:0.000000s ]
INFO: [ app_init ] --END-- [ RunTime:0.001000s ]
INFO: [ app_begin ] --START--
INFO: Run Behavior\ReadHtmlCacheBehavior [ RunTime:0.001000s ]
INFO: [ app_begin ] --END-- [ RunTime:0.001000s ]
NOTIC: [8] A session had already been started - ignoring session_start() D:\wamp\www\GDDocument\framework\thinkphp\Application\Home\Controller\WxController.class.php 第 70 行.

[ 2017-09-01T17:01:11+08:00 ] 192.168.0.116 /GDDocument/framework/thinkphp/index.php/Home/Wx/addToCart.html?key=fgfgtr
INFO: [ app_init ] --START--
INFO: Run Behavior\BuildLiteBehavior [ RunTime:0.000000s ]
INFO: [ app_init ] --END-- [ RunTime:0.001000s ]
INFO: [ app_begin ] --START--
INFO: Run Behavior\ReadHtmlCacheBehavior [ RunTime:0.001000s ]
INFO: [ app_begin ] --END-- [ RunTime:0.001000s ]
NOTIC: [8] A session had already been started - ignoring session_start() D:\wamp\www\GDDocument\framework\thinkphp\Application\Home\Controller\WxController.class.php 第 70 行.

[ 2017-09-01T17:01:18+08:00 ] 192.168.0.116 /GDDocument/framework/thinkphp/index.php/Home/Wx/addToCart.html?key=bfgbgbg
INFO: [ app_init ] --START--
INFO: Run Behavior\BuildLiteBehavior [ RunTime:0.000000s ]
INFO: [ app_init ] --END-- [ RunTime:0.001000s ]
INFO: [ app_begin ] --START--
INFO: Run Behavior\ReadHtmlCacheBehavior [ RunTime:0.001000s ]
INFO: [ app_begin ] --END-- [ RunTime:0.001000s ]
NOTIC: [8] A session had already been started - ignoring session_start() D:\wamp\www\GDDocument\framework\thinkphp\Application\Home\Controller\WxController.class.php 第 70 行.

[ 2017-09-01T17:01:50+08:00 ] 192.168.0.116 /GDDocument/framework/thinkphp/index.php/Home/Wx/addToCart.html?key=
INFO: [ app_init ] --START--
INFO: Run Behavior\BuildLiteBehavior [ RunTime:0.001000s ]
INFO: [ app_init ] --END-- [ RunTime:0.002000s ]
INFO: [ app_begin ] --START--
INFO: Run Behavior\ReadHtmlCacheBehavior [ RunTime:0.000000s ]
INFO: [ app_begin ] --END-- [ RunTime:0.001000s ]

[ 2017-09-01T17:01:56+08:00 ] 192.168.0.116 /GDDocument/framework/thinkphp/index.php/Home/Wx/addToCart.html?key=fdgfgf
INFO: [ app_init ] --START--
INFO: Run Behavior\BuildLiteBehavior [ RunTime:0.000000s ]
INFO: [ app_init ] --END-- [ RunTime:0.002000s ]
INFO: [ app_begin ] --START--
INFO: Run Behavior\ReadHtmlCacheBehavior [ RunTime:0.001000s ]
INFO: [ app_begin ] --END-- [ RunTime:0.001000s ]
NOTIC: [8] A session had already been started - ignoring session_start() D:\wamp\www\GDDocument\framework\thinkphp\Application\Home\Controller\WxController.class.php 第 70 行.

[ 2017-09-01T17:02:34+08:00 ] 192.168.0.116 /GDDocument/framework/thinkphp/index.php/Home/Wx/addToCart.html?key=fdgfgf
INFO: [ app_init ] --START--
INFO: Run Behavior\BuildLiteBehavior [ RunTime:0.000000s ]
INFO: [ app_init ] --END-- [ RunTime:0.001000s ]
INFO: [ app_begin ] --START--
INFO: Run Behavior\ReadHtmlCacheBehavior [ RunTime:0.001000s ]
INFO: [ app_begin ] --END-- [ RunTime:0.001000s ]

[ 2017-09-01T17:05:03+08:00 ] 192.168.0.116 /GDDocument/framework/thinkphp/index.php/Home/Wx/addToCart.html?key=fdgfgf
INFO: [ app_init ] --START--
INFO: Run Behavior\BuildLiteBehavior [ RunTime:0.000000s ]
INFO: [ app_init ] --END-- [ RunTime:0.001000s ]
INFO: [ app_begin ] --START--
INFO: Run Behavior\ReadHtmlCacheBehavior [ RunTime:0.000000s ]
INFO: [ app_begin ] --END-- [ RunTime:0.001000s ]
NOTIC: [8] A session had already been started - ignoring session_start() D:\wamp\www\GDDocument\framework\thinkphp\Application\Home\Controller\WxController.class.php 第 71 行.

[ 2017-09-01T17:05:03+08:00 ] 192.168.0.116 /GDDocument/framework/thinkphp/index.php/Home/Wx/addToCart.html?key=fdgfgf
INFO: [ app_init ] --START--
INFO: Run Behavior\BuildLiteBehavior [ RunTime:0.000000s ]
INFO: [ app_init ] --END-- [ RunTime:0.000000s ]
INFO: [ app_begin ] --START--
INFO: Run Behavior\ReadHtmlCacheBehavior [ RunTime:0.000000s ]
INFO: [ app_begin ] --END-- [ RunTime:0.001000s ]
NOTIC: [8] A session had already been started - ignoring session_start() D:\wamp\www\GDDocument\framework\thinkphp\Application\Home\Controller\WxController.class.php 第 71 行.

[ 2017-09-01T17:05:59+08:00 ] 192.168.0.116 /GDDocument/framework/thinkphp/index.php/Home/Wx/addToCart.html?key=fdgfgf
INFO: [ app_init ] --START--
INFO: Run Behavior\BuildLiteBehavior [ RunTime:0.000000s ]
INFO: [ app_init ] --END-- [ RunTime:0.001000s ]
INFO: [ app_begin ] --START--
INFO: Run Behavior\ReadHtmlCacheBehavior [ RunTime:0.001000s ]
INFO: [ app_begin ] --END-- [ RunTime:0.001000s ]
NOTIC: [8] A session had already been started - ignoring session_start() D:\wamp\www\GDDocument\framework\thinkphp\Application\Home\Controller\WxController.class.php 第 72 行.

[ 2017-09-01T17:06:34+08:00 ] 192.168.0.116 /GDDocument/framework/thinkphp/index.php/Home/Wx/addToCart.html?key=fdgfgf
INFO: [ app_init ] --START--
INFO: Run Behavior\BuildLiteBehavior [ RunTime:0.000000s ]
INFO: [ app_init ] --END-- [ RunTime:0.001000s ]
INFO: [ app_begin ] --START--
INFO: Run Behavior\ReadHtmlCacheBehavior [ RunTime:0.001000s ]
INFO: [ app_begin ] --END-- [ RunTime:0.001000s ]
NOTIC: [8] A session had already been started - ignoring session_start() D:\wamp\www\GDDocument\framework\thinkphp\Application\Home\Controller\WxController.class.php 第 72 行.

[ 2017-09-01T17:08:08+08:00 ] 192.168.0.116 /GDDocument/framework/thinkphp/index.php/Home/Wx/addToCart.html?key=fdgfgf
INFO: [ app_init ] --START--
INFO: Run Behavior\BuildLiteBehavior [ RunTime:0.000000s ]
INFO: [ app_init ] --END-- [ RunTime:0.001000s ]
INFO: [ app_begin ] --START--
INFO: Run Behavior\ReadHtmlCacheBehavior [ RunTime:0.001000s ]
INFO: [ app_begin ] --END-- [ RunTime:0.001000s ]
NOTIC: [8] A session had already been started - ignoring session_start() D:\wamp\www\GDDocument\framework\thinkphp\ThinkPHP\Common\functions.php 第 1263 行.

[ 2017-09-01T17:08:17+08:00 ] 192.168.0.116 /GDDocument/framework/thinkphp/index.php/Home/Wx/addToCart.html?key=fdgfgf
INFO: [ app_init ] --START--
INFO: Run Behavior\BuildLiteBehavior [ RunTime:0.000000s ]
INFO: [ app_init ] --END-- [ RunTime:0.001000s ]
INFO: [ app_begin ] --START--
INFO: Run Behavior\ReadHtmlCacheBehavior [ RunTime:0.001000s ]
INFO: [ app_begin ] --END-- [ RunTime:0.001000s ]
NOTIC: [8] A session had already been started - ignoring session_start() D:\wamp\www\GDDocument\framework\thinkphp\ThinkPHP\Common\functions.php 第 1263 行.

[ 2017-09-01T17:08:42+08:00 ] 192.168.0.116 /GDDocument/framework/thinkphp/index.php/Home/Wx/addToCart.html?key=156b9tf0km5orolfmbjltdekt7
INFO: [ app_init ] --START--
INFO: Run Behavior\BuildLiteBehavior [ RunTime:0.000000s ]
INFO: [ app_init ] --END-- [ RunTime:0.001001s ]
INFO: [ app_begin ] --START--
INFO: Run Behavior\ReadHtmlCacheBehavior [ RunTime:0.001000s ]
INFO: [ app_begin ] --END-- [ RunTime:0.001000s ]
NOTIC: [8] A session had already been started - ignoring session_start() D:\wamp\www\GDDocument\framework\thinkphp\ThinkPHP\Common\functions.php 第 1263 行.

[ 2017-09-01T17:09:06+08:00 ] 192.168.0.116 /GDDocument/framework/thinkphp/index.php/Home/Wx/dummyInfo.html
INFO: [ app_init ] --START--
INFO: Run Behavior\BuildLiteBehavior [ RunTime:0.000000s ]
INFO: [ app_init ] --END-- [ RunTime:0.001000s ]
INFO: [ app_begin ] --START--
INFO: Run Behavior\ReadHtmlCacheBehavior [ RunTime:0.001000s ]
INFO: [ app_begin ] --END-- [ RunTime:0.002000s ]

[ 2017-09-01T17:09:25+08:00 ] 192.168.0.116 /GDDocument/framework/thinkphp/index.php/Home/Wx/addToCart.html?key=fdgfgf
INFO: [ app_init ] --START--
INFO: Run Behavior\BuildLiteBehavior [ RunTime:0.000000s ]
INFO: [ app_init ] --END-- [ RunTime:0.001000s ]
INFO: [ app_begin ] --START--
INFO: Run Behavior\ReadHtmlCacheBehavior [ RunTime:0.001000s ]
INFO: [ app_begin ] --END-- [ RunTime:0.001000s ]
NOTIC: [8] A session had already been started - ignoring session_start() D:\wamp\www\GDDocument\framework\thinkphp\ThinkPHP\Common\functions.php 第 1263 行.

[ 2017-09-01T17:09:27+08:00 ] 192.168.0.116 /GDDocument/framework/thinkphp/index.php/Home/Wx/addToCart.html?key=fdgfgf
INFO: [ app_init ] --START--
INFO: Run Behavior\BuildLiteBehavior [ RunTime:0.000000s ]
INFO: [ app_init ] --END-- [ RunTime:0.000000s ]
INFO: [ app_begin ] --START--
INFO: Run Behavior\ReadHtmlCacheBehavior [ RunTime:0.000000s ]
INFO: [ app_begin ] --END-- [ RunTime:0.002000s ]
NOTIC: [8] A session had already been started - ignoring session_start() D:\wamp\www\GDDocument\framework\thinkphp\ThinkPHP\Common\functions.php 第 1263 行.

[ 2017-09-01T17:09:31+08:00 ] 192.168.0.116 /GDDocument/framework/thinkphp/index.php/Home/Wx/addToCart.html?key=fgtf
INFO: [ app_init ] --START--
INFO: Run Behavior\BuildLiteBehavior [ RunTime:0.000000s ]
INFO: [ app_init ] --END-- [ RunTime:0.001000s ]
INFO: [ app_begin ] --START--
INFO: Run Behavior\ReadHtmlCacheBehavior [ RunTime:0.001000s ]
INFO: [ app_begin ] --END-- [ RunTime:0.002000s ]
NOTIC: [8] A session had already been started - ignoring session_start() D:\wamp\www\GDDocument\framework\thinkphp\ThinkPHP\Common\functions.php 第 1263 行.

[ 2017-09-01T17:09:35+08:00 ] 192.168.0.116 /GDDocument/framework/thinkphp/index.php/Home/Wx/addToCart.html?key=dfxf
INFO: [ app_init ] --START--
INFO: Run Behavior\BuildLiteBehavior [ RunTime:0.001000s ]
INFO: [ app_init ] --END-- [ RunTime:0.001000s ]
INFO: [ app_begin ] --START--
INFO: Run Behavior\ReadHtmlCacheBehavior [ RunTime:0.001000s ]
INFO: [ app_begin ] --END-- [ RunTime:0.002000s ]
NOTIC: [8] A session had already been started - ignoring session_start() D:\wamp\www\GDDocument\framework\thinkphp\ThinkPHP\Common\functions.php 第 1263 行.

[ 2017-09-01T17:10:02+08:00 ] 192.168.0.116 /GDDocument/framework/thinkphp/index.php/Home/Wx/addToCart.html?key=dfxf
INFO: [ app_init ] --START--
INFO: Run Behavior\BuildLiteBehavior [ RunTime:0.000000s ]
INFO: [ app_init ] --END-- [ RunTime:0.001000s ]
INFO: [ app_begin ] --START--
INFO: Run Behavior\ReadHtmlCacheBehavior [ RunTime:0.001000s ]
INFO: [ app_begin ] --END-- [ RunTime:0.002000s ]
NOTIC: [8] A session had already been started - ignoring session_start() D:\wamp\www\GDDocument\framework\thinkphp\ThinkPHP\Common\functions.php 第 1263 行.

[ 2017-09-01T17:10:21+08:00 ] 192.168.0.116 /GDDocument/framework/thinkphp/index.php/Home/Wx/dummyInfo.html
INFO: [ app_init ] --START--
INFO: Run Behavior\BuildLiteBehavior [ RunTime:0.000000s ]
INFO: [ app_init ] --END-- [ RunTime:0.000000s ]
INFO: [ app_begin ] --START--
INFO: Run Behavior\ReadHtmlCacheBehavior [ RunTime:0.000000s ]
INFO: [ app_begin ] --END-- [ RunTime:0.001000s ]

[ 2017-09-01T17:10:37+08:00 ] 192.168.0.116 /GDDocument/framework/thinkphp/index.php/Home/Wx/addToCart.html?key=fdgfgf
INFO: [ app_init ] --START--
INFO: Run Behavior\BuildLiteBehavior [ RunTime:0.000000s ]
INFO: [ app_init ] --END-- [ RunTime:0.001000s ]
INFO: [ app_begin ] --START--
INFO: Run Behavior\ReadHtmlCacheBehavior [ RunTime:0.001001s ]
INFO: [ app_begin ] --END-- [ RunTime:0.001001s ]
NOTIC: [8] A session had already been started - ignoring session_start() D:\wamp\www\GDDocument\framework\thinkphp\ThinkPHP\Common\functions.php 第 1263 行.

[ 2017-09-01T17:11:31+08:00 ] 192.168.0.116 /GDDocument/framework/thinkphp/index.php/Home/Wx/addToCart.html?key=fdgfgf
INFO: [ app_init ] --START--
INFO: Run Behavior\BuildLiteBehavior [ RunTime:0.000000s ]
INFO: [ app_init ] --END-- [ RunTime:0.001000s ]
INFO: [ app_begin ] --START--
INFO: Run Behavior\ReadHtmlCacheBehavior [ RunTime:0.001000s ]
INFO: [ app_begin ] --END-- [ RunTime:0.001000s ]
NOTIC: [8] A session had already been started - ignoring session_start() D:\wamp\www\GDDocument\framework\thinkphp\Application\Home\Controller\WxController.class.php 第 71 行.

[ 2017-09-01T17:11:44+08:00 ] 192.168.0.116 /GDDocument/framework/thinkphp/index.php/Home/Wx/dummyInfo.html
INFO: [ app_init ] --START--
INFO: Run Behavior\BuildLiteBehavior [ RunTime:0.000000s ]
INFO: [ app_init ] --END-- [ RunTime:0.001001s ]
INFO: [ app_begin ] --START--
INFO: Run Behavior\ReadHtmlCacheBehavior [ RunTime:0.001000s ]
INFO: [ app_begin ] --END-- [ RunTime:0.002000s ]

[ 2017-09-01T17:11:54+08:00 ] 192.168.0.116 /GDDocument/framework/thinkphp/index.php/Home/Wx/addToCart.html?key=fdgfgf
INFO: [ app_init ] --START--
INFO: Run Behavior\BuildLiteBehavior [ RunTime:0.000000s ]
INFO: [ app_init ] --END-- [ RunTime:0.001000s ]
INFO: [ app_begin ] --START--
INFO: Run Behavior\ReadHtmlCacheBehavior [ RunTime:0.001000s ]
INFO: [ app_begin ] --END-- [ RunTime:0.001000s ]
NOTIC: [8] A session had already been started - ignoring session_start() D:\wamp\www\GDDocument\framework\thinkphp\Application\Home\Controller\WxController.class.php 第 71 行.

[ 2017-09-01T17:11:55+08:00 ] 192.168.0.116 /GDDocument/framework/thinkphp/index.php/Home/Wx/addToCart.html?key=fdgfgf
INFO: [ app_init ] --START--
INFO: Run Behavior\BuildLiteBehavior [ RunTime:0.000000s ]
INFO: [ app_init ] --END-- [ RunTime:0.001001s ]
INFO: [ app_begin ] --START--
INFO: Run Behavior\ReadHtmlCacheBehavior [ RunTime:0.001000s ]
INFO: [ app_begin ] --END-- [ RunTime:0.002000s ]
NOTIC: [8] A session had already been started - ignoring session_start() D:\wamp\www\GDDocument\framework\thinkphp\Application\Home\Controller\WxController.class.php 第 71 行.

[ 2017-09-01T17:13:19+08:00 ] 192.168.0.116 /GDDocument/framework/thinkphp/index.php/Home/Wx/addToCart.html?key=fdgfgf
INFO: [ app_init ] --START--
INFO: Run Behavior\BuildLiteBehavior [ RunTime:0.000000s ]
INFO: [ app_init ] --END-- [ RunTime:0.001000s ]
INFO: [ app_begin ] --START--
INFO: Run Behavior\ReadHtmlCacheBehavior [ RunTime:0.000000s ]
INFO: [ app_begin ] --END-- [ RunTime:0.001000s ]
NOTIC: [8] A session had already been started - ignoring session_start() D:\wamp\www\GDDocument\framework\thinkphp\Application\Home\Controller\WxController.class.php 第 71 行.

[ 2017-09-01T17:13:31+08:00 ] 192.168.0.116 /GDDocument/framework/thinkphp/index.php/Home/Wx/dummyInfo.html
INFO: [ app_init ] --START--
INFO: Run Behavior\BuildLiteBehavior [ RunTime:0.000000s ]
INFO: [ app_init ] --END-- [ RunTime:0.001000s ]
INFO: [ app_begin ] --START--
INFO: Run Behavior\ReadHtmlCacheBehavior [ RunTime:0.001000s ]
INFO: [ app_begin ] --END-- [ RunTime:0.001000s ]

[ 2017-09-01T17:13:42+08:00 ] 192.168.0.116 /GDDocument/framework/thinkphp/index.php/Home/Wx/addToCart.html?key=fdgfgf
INFO: [ app_init ] --START--
INFO: Run Behavior\BuildLiteBehavior [ RunTime:0.000000s ]
INFO: [ app_init ] --END-- [ RunTime:0.001000s ]
INFO: [ app_begin ] --START--
INFO: Run Behavior\ReadHtmlCacheBehavior [ RunTime:0.001000s ]
INFO: [ app_begin ] --END-- [ RunTime:0.001000s ]
NOTIC: [8] A session had already been started - ignoring session_start() D:\wamp\www\GDDocument\framework\thinkphp\Application\Home\Controller\WxController.class.php 第 71 行.

[ 2017-09-01T17:14:57+08:00 ] 192.168.0.116 /GDDocument/framework/thinkphp/index.php/Home/Wx/dummyInfo.html
INFO: [ app_init ] --START--
INFO: Run Behavior\BuildLiteBehavior [ RunTime:0.000000s ]
INFO: [ app_init ] --END-- [ RunTime:0.000000s ]
INFO: [ app_begin ] --START--
INFO: Run Behavior\ReadHtmlCacheBehavior [ RunTime:0.000000s ]
INFO: [ app_begin ] --END-- [ RunTime:0.001000s ]

[ 2017-09-01T17:15:12+08:00 ] 192.168.0.116 /GDDocument/framework/thinkphp/index.php/Home/Wx/addToCart.html?key=fdgfgf
INFO: [ app_init ] --START--
INFO: Run Behavior\BuildLiteBehavior [ RunTime:0.000000s ]
INFO: [ app_init ] --END-- [ RunTime:0.001000s ]
INFO: [ app_begin ] --START--
INFO: Run Behavior\ReadHtmlCacheBehavior [ RunTime:0.001000s ]
INFO: [ app_begin ] --END-- [ RunTime:0.001000s ]
NOTIC: [8] A session had already been started - ignoring session_start() D:\wamp\www\GDDocument\framework\thinkphp\Application\Home\Controller\WxController.class.php 第 73 行.

[ 2017-09-01T17:15:55+08:00 ] 192.168.0.116 /GDDocument/framework/thinkphp/index.php/Home/Wx/dummyInfo.html
INFO: [ app_init ] --START--
INFO: Run Behavior\BuildLiteBehavior [ RunTime:0.000000s ]
INFO: [ app_init ] --END-- [ RunTime:0.000000s ]
INFO: [ app_begin ] --START--
INFO: Run Behavior\ReadHtmlCacheBehavior [ RunTime:0.001000s ]
INFO: [ app_begin ] --END-- [ RunTime:0.001000s ]

[ 2017-09-01T17:15:57+08:00 ] 192.168.0.116 /GDDocument/framework/thinkphp/index.php/Home/Wx/dummyInfo.html
INFO: [ app_init ] --START--
INFO: Run Behavior\BuildLiteBehavior [ RunTime:0.000000s ]
INFO: [ app_init ] --END-- [ RunTime:0.002000s ]
INFO: [ app_begin ] --START--
INFO: Run Behavior\ReadHtmlCacheBehavior [ RunTime:0.001000s ]
INFO: [ app_begin ] --END-- [ RunTime:0.001000s ]

[ 2017-09-01T17:15:58+08:00 ] 192.168.0.116 /GDDocument/framework/thinkphp/index.php/Home/Wx/addToCart.html?key=fdgfgf
INFO: [ app_init ] --START--
INFO: Run Behavior\BuildLiteBehavior [ RunTime:0.000000s ]
INFO: [ app_init ] --END-- [ RunTime:0.001000s ]
INFO: [ app_begin ] --START--
INFO: Run Behavior\ReadHtmlCacheBehavior [ RunTime:0.001000s ]
INFO: [ app_begin ] --END-- [ RunTime:0.001000s ]
NOTIC: [8] A session had already been started - ignoring session_start() D:\wamp\www\GDDocument\framework\thinkphp\Application\Home\Controller\WxController.class.php 第 73 行.

[ 2017-09-01T17:16:03+08:00 ] 192.168.0.116 /GDDocument/framework/thinkphp/index.php/Home/Wx/addToCart.html?key=fdgfgf
INFO: [ app_init ] --START--
INFO: Run Behavior\BuildLiteBehavior [ RunTime:0.000000s ]
INFO: [ app_init ] --END-- [ RunTime:0.001000s ]
INFO: [ app_begin ] --START--
INFO: Run Behavior\ReadHtmlCacheBehavior [ RunTime:0.002000s ]
INFO: [ app_begin ] --END-- [ RunTime:0.002000s ]
NOTIC: [8] A session had already been started - ignoring session_start() D:\wamp\www\GDDocument\framework\thinkphp\Application\Home\Controller\WxController.class.php 第 73 行.

[ 2017-09-01T17:16:05+08:00 ] 192.168.0.116 /GDDocument/framework/thinkphp/index.php/Home/Wx/addToCart.html?key=fdgfgf
INFO: [ app_init ] --START--
INFO: Run Behavior\BuildLiteBehavior [ RunTime:0.000000s ]
INFO: [ app_init ] --END-- [ RunTime:0.001000s ]
INFO: [ app_begin ] --START--
INFO: Run Behavior\ReadHtmlCacheBehavior [ RunTime:0.001000s ]
INFO: [ app_begin ] --END-- [ RunTime:0.001000s ]
NOTIC: [8] A session had already been started - ignoring session_start() D:\wamp\www\GDDocument\framework\thinkphp\Application\Home\Controller\WxController.class.php 第 73 行.

[ 2017-09-01T17:16:05+08:00 ] 192.168.0.116 /GDDocument/framework/thinkphp/index.php/Home/Wx/addToCart.html?key=fdgfgf
INFO: [ app_init ] --START--
INFO: Run Behavior\BuildLiteBehavior [ RunTime:0.000000s ]
INFO: [ app_init ] --END-- [ RunTime:0.001000s ]
INFO: [ app_begin ] --START--
INFO: Run Behavior\ReadHtmlCacheBehavior [ RunTime:0.000000s ]
INFO: [ app_begin ] --END-- [ RunTime:0.001001s ]
NOTIC: [8] A session had already been started - ignoring session_start() D:\wamp\www\GDDocument\framework\thinkphp\Application\Home\Controller\WxController.class.php 第 73 行.

[ 2017-09-01T17:16:05+08:00 ] 192.168.0.116 /GDDocument/framework/thinkphp/index.php/Home/Wx/addToCart.html?key=fdgfgf
INFO: [ app_init ] --START--
INFO: Run Behavior\BuildLiteBehavior [ RunTime:0.000000s ]
INFO: [ app_init ] --END-- [ RunTime:0.001000s ]
INFO: [ app_begin ] --START--
INFO: Run Behavior\ReadHtmlCacheBehavior [ RunTime:0.001000s ]
INFO: [ app_begin ] --END-- [ RunTime:0.001000s ]
NOTIC: [8] A session had already been started - ignoring session_start() D:\wamp\www\GDDocument\framework\thinkphp\Application\Home\Controller\WxController.class.php 第 73 行.

[ 2017-09-01T17:16:52+08:00 ] 192.168.0.116 /GDDocument/framework/thinkphp/index.php/Home/Wx/dummyInfo.html
INFO: [ app_init ] --START--
INFO: Run Behavior\BuildLiteBehavior [ RunTime:0.000000s ]
INFO: [ app_init ] --END-- [ RunTime:0.001000s ]
INFO: [ app_begin ] --START--
INFO: Run Behavior\ReadHtmlCacheBehavior [ RunTime:0.001000s ]
INFO: [ app_begin ] --END-- [ RunTime:0.001000s ]

[ 2017-09-01T17:16:54+08:00 ] 192.168.0.116 /GDDocument/framework/thinkphp/index.php/Home/Wx/addToCart.html?key=fdgfgf
INFO: [ app_init ] --START--
INFO: Run Behavior\BuildLiteBehavior [ RunTime:0.001000s ]
INFO: [ app_init ] --END-- [ RunTime:0.001000s ]
INFO: [ app_begin ] --START--
INFO: Run Behavior\ReadHtmlCacheBehavior [ RunTime:0.001000s ]
INFO: [ app_begin ] --END-- [ RunTime:0.001000s ]
NOTIC: [8] A session had already been started - ignoring session_start() D:\wamp\www\GDDocument\framework\thinkphp\Application\Home\Controller\WxController.class.php 第 73 行.

[ 2017-09-01T17:17:38+08:00 ] 192.168.0.116 /GDDocument/framework/thinkphp/index.php/Home/Wx/dummyInfo.html
INFO: [ app_init ] --START--
INFO: Run Behavior\BuildLiteBehavior [ RunTime:0.000000s ]
INFO: [ app_init ] --END-- [ RunTime:0.000000s ]
INFO: [ app_begin ] --START--
INFO: Run Behavior\ReadHtmlCacheBehavior [ RunTime:0.001000s ]
INFO: [ app_begin ] --END-- [ RunTime:0.001000s ]

[ 2017-09-01T17:17:40+08:00 ] 192.168.0.116 /GDDocument/framework/thinkphp/index.php/Home/Wx/addToCart.html?key=fdgfgf
INFO: [ app_init ] --START--
INFO: Run Behavior\BuildLiteBehavior [ RunTime:0.001000s ]
INFO: [ app_init ] --END-- [ RunTime:0.001000s ]
INFO: [ app_begin ] --START--
INFO: Run Behavior\ReadHtmlCacheBehavior [ RunTime:0.001000s ]
INFO: [ app_begin ] --END-- [ RunTime:0.001000s ]

[ 2017-09-01T17:18:37+08:00 ] 192.168.0.116 /GDDocument/framework/thinkphp/index.php/Home/Wx/addToCart.html?key=fdgfgf
INFO: [ app_init ] --START--
INFO: Run Behavior\BuildLiteBehavior [ RunTime:0.000000s ]
INFO: [ app_init ] --END-- [ RunTime:0.001000s ]
INFO: [ app_begin ] --START--
INFO: Run Behavior\ReadHtmlCacheBehavior [ RunTime:0.000000s ]
INFO: [ app_begin ] --END-- [ RunTime:0.001000s ]

[ 2017-09-01T17:18:58+08:00 ] 192.168.0.116 /GDDocument/framework/thinkphp/index.php/Home/Wx/addToCart.html?key=bfdb
INFO: [ app_init ] --START--
INFO: Run Behavior\BuildLiteBehavior [ RunTime:0.000000s ]
INFO: [ app_init ] --END-- [ RunTime:0.001000s ]
INFO: [ app_begin ] --START--
INFO: Run Behavior\ReadHtmlCacheBehavior [ RunTime:0.001000s ]
INFO: [ app_begin ] --END-- [ RunTime:0.001000s ]

[ 2017-09-01T17:19:02+08:00 ] 192.168.0.116 /GDDocument/framework/thinkphp/index.php/Home/Wx/addToCart.html?key=fdgfgf
INFO: [ app_init ] --START--
INFO: Run Behavior\BuildLiteBehavior [ RunTime:0.001000s ]
INFO: [ app_init ] --END-- [ RunTime:0.001000s ]
INFO: [ app_begin ] --START--
INFO: Run Behavior\ReadHtmlCacheBehavior [ RunTime:0.002000s ]
INFO: [ app_begin ] --END-- [ RunTime:0.002000s ]

